                                     G D M A
                                 by Anthony Stone

               Distributed Multipoles from Gaussian wavefunctions

                             version 2.3.3 (6b8e81e)
              Compiled with gfortran on 14 January 2024 at 08:13:23

Starting at 13:23:20 on 15 Jan 2025 


Using SCF density matrix from file C6H5NH3+.fchk


                         Distributed Multipole Analysis

Standard DMA for products of primitives with exponent greater than 4.00000
Using 80-point Euler-MacLaurin radial quadrature
Using 590-point Lebedev quadrature
Becke smoothing parameter = 3

Positions and radii in angstrom
Multipole moments in atomic units, ea_0^k for rank k

C          x =  1.912767  y =  0.000000  z =  0.005938 angstrom
           Maximum rank =  2   Radius =  0.650 angstrom
                   Q00  =   0.172235
|Q1| =   0.330358  Q10  =  -0.000374  Q11c =  -0.330358
|Q2| =   0.915341  Q20  =  -0.828208  Q21c =   0.004684  Q22c =   0.389743

C          x =  1.222940  y =  1.207648  z =  0.001503 angstrom
           Maximum rank =  2   Radius =  0.650 angstrom
                   Q00  =   0.239719
|Q1| =   0.434095  Q10  =  -0.000399  Q11c =  -0.301756  Q11s =  -0.312061
|Q2| =   0.866964  Q20  =  -0.745201  Q21c =   0.004928  Q21s =  -0.004261
                   Q22c =  -0.070025  Q22s =   0.437443

C          x = -0.167303  y =  1.217653  z = -0.005735 angstrom
           Maximum rank =  2   Radius =  0.650 angstrom
                   Q00  =   0.550705
|Q1| =   0.821234  Q10  =   0.004270  Q11c =   0.171431  Q11s =  -0.803130
|Q2| =   0.687312  Q20  =  -0.354229  Q21c =  -0.009897  Q21s =   0.001757
                   Q22c =  -0.530396  Q22s =  -0.255929

C          x = -0.824157  y =  0.000000  z = -0.008932 angstrom
           Maximum rank =  2   Radius =  0.650 angstrom
                   Q00  =   1.059965
|Q1| =   1.135283  Q10  =   0.003797  Q11c =   1.135277
|Q2| =   0.617487  Q20  =   0.236691  Q21c =  -0.011985  Q22c =   0.570196

C          x = -0.167303  y = -1.217653  z = -0.005735 angstrom
           Maximum rank =  2   Radius =  0.650 angstrom
                   Q00  =   0.550705
|Q1| =   0.821233  Q10  =   0.004270  Q11c =   0.171430  Q11s =   0.803130
|Q2| =   0.687311  Q20  =  -0.354230  Q21c =  -0.009897  Q21s =  -0.001757
                   Q22c =  -0.530393  Q22s =   0.255930

C          x =  1.222940  y = -1.207648  z =  0.001503 angstrom
           Maximum rank =  2   Radius =  0.650 angstrom
                   Q00  =   0.239720
|Q1| =   0.434095  Q10  =  -0.000399  Q11c =  -0.301755  Q11s =   0.312061
|Q2| =   0.866964  Q20  =  -0.745200  Q21c =   0.004928  Q21s =   0.004261
                   Q22c =  -0.070025  Q22s =  -0.437443

H          x =  2.994414  y =  0.000000  z =  0.009257 angstrom
           Maximum rank =  2   Radius =  0.350 angstrom
                   Q00  =   0.082716
|Q1| =   0.095008  Q10  =  -0.000290  Q11c =  -0.095008
|Q2| =   0.175854  Q20  =  -0.124270  Q21c =   0.001065  Q22c =   0.124420

H          x =  1.762052  y =  2.145031  z =  0.000424 angstrom
           Maximum rank =  2   Radius =  0.350 angstrom
                   Q00  =   0.088689
|Q1| =   0.097838  Q10  =  -0.000039  Q11c =  -0.052508  Q11s =  -0.082554
|Q2| =   0.169688  Q20  =  -0.119345  Q21c =   0.000417  Q21s =  -0.000555
                   Q22c =  -0.055322  Q22s =   0.107190

H          x = -0.709566  y =  2.155895  z = -0.009396 angstrom
           Maximum rank =  2   Radius =  0.350 angstrom
                   Q00  =   0.102515
|Q1| =   0.117594  Q10  =   0.000826  Q11c =   0.056777  Q11s =  -0.102976
|Q2| =   0.145939  Q20  =  -0.104687  Q21c =   0.001599  Q21s =  -0.000634
                   Q22c =  -0.065804  Q22s =  -0.077496

H          x = -0.709566  y = -2.155895  z = -0.009396 angstrom
           Maximum rank =  2   Radius =  0.350 angstrom
                   Q00  =   0.102515
|Q1| =   0.117594  Q10  =   0.000826  Q11c =   0.056777  Q11s =   0.102976
|Q2| =   0.145939  Q20  =  -0.104687  Q21c =   0.001599  Q21s =   0.000634
                   Q22c =  -0.065804  Q22s =   0.077496

H          x =  1.762052  y = -2.145031  z =  0.000424 angstrom
           Maximum rank =  2   Radius =  0.350 angstrom
                   Q00  =   0.088689
|Q1| =   0.097838  Q10  =  -0.000039  Q11c =  -0.052508  Q11s =   0.082554
|Q2| =   0.169688  Q20  =  -0.119345  Q21c =   0.000417  Q21s =   0.000555
                   Q22c =  -0.055322  Q22s =  -0.107190

N          x = -2.317992  y =  0.000000  z =  0.007719 angstrom
           Maximum rank =  2   Radius =  0.650 angstrom
                   Q00  =   0.176752
|Q1| =   0.072374  Q10  =  -0.011200  Q11c =   0.071502  Q11s =   0.000001
|Q2| =   0.212365  Q20  =  -0.062382  Q21c =  -0.008715  Q21s =   0.000001
                   Q22c =   0.202809  Q22s =   0.000001

H          x = -2.690839  y = -0.825094  z = -0.469780 angstrom
           Maximum rank =  2   Radius =  0.350 angstrom
                   Q00  =   0.215093
|Q1| =   0.052650  Q10  =  -0.002992  Q11c =   0.052111  Q11s =   0.006890
|Q2| =   0.130770  Q20  =  -0.031562  Q21c =   0.038621  Q21s =   0.094236
                   Q22c =  -0.032284  Q22s =   0.068486

H          x = -2.691075  y = -0.000033  z =  0.962902 angstrom
           Maximum rank =  2   Radius =  0.350 angstrom
                   Q00  =   0.219624
|Q1| =   0.057179  Q10  =   0.004166  Q11c =   0.057027
|Q2| =   0.134096  Q20  =   0.109653  Q21c =  -0.064857  Q21s =  -0.000007
                   Q22c =   0.041854  Q22s =   0.000002

H          x = -2.690837  y =  0.825129  z = -0.469721 angstrom
           Maximum rank =  2   Radius =  0.350 angstrom
                   Q00  =   0.215092
|Q1| =   0.052649  Q10  =  -0.002991  Q11c =   0.052111  Q11s =  -0.006890
|Q2| =   0.130769  Q20  =  -0.031575  Q21c =   0.038617  Q21s =  -0.094228
                   Q22c =  -0.032291  Q22s =  -0.068489

TOP(2)     x =  0.000000  y =  0.000000  z =  2.000000 angstrom
           Maximum rank =  2   Radius =  0.650 angstrom
                   Q00  =  -0.088124
|Q1| =   0.028370  Q10  =   0.027009  Q11c =  -0.008681
|Q2| =   0.267107  Q20  =   0.265992  Q21c =  -0.016301  Q22c =   0.018122

TOP(1)     x =  0.000000  y =  0.000000  z =  1.000000 angstrom
           Maximum rank =  2   Radius =  0.650 angstrom
                   Q00  =  -0.452812
|Q1| =   0.071771  Q10  =  -0.047162  Q11c =   0.054101
|Q2| =   0.683640  Q20  =   0.683115  Q21c =   0.006156  Q22c =   0.026074

TOP(ao)    x =  0.000000  y =  0.000000  z =  0.529000 angstrom
           Maximum rank =  2   Radius =  0.650 angstrom
                   Q00  =  -0.646742
|Q1| =   0.032768  Q10  =   0.012070  Q11c =   0.030464
|Q2| =   0.524300  Q20  =   0.522212  Q21c =   0.022925  Q22c =   0.040732

TOP(0)     x =  0.000000  y =  0.000000  z =  0.000000 angstrom
           Maximum rank =  2   Radius =  0.650 angstrom
                   Q00  =  -0.715897
|Q1| =   0.056833  Q10  =  -0.000410  Q11c =  -0.056831
|Q2| =   0.407493  Q20  =   0.403513  Q21c =   0.001090  Q22c =   0.056803

TOP(-a0)   x =  0.000000  y =  0.000000  z = -0.529000 angstrom
           Maximum rank =  2   Radius =  0.650 angstrom
                   Q00  =  -0.649467
|Q1| =   0.029599  Q10  =  -0.011051  Q11c =   0.027459
|Q2| =   0.520046  Q20  =   0.517760  Q21c =  -0.023871  Q22c =   0.042460

TOP(-1)    x =  0.000000  y =  0.000000  z = -1.000000 angstrom
           Maximum rank =  2   Radius =  0.650 angstrom
                   Q00  =  -0.461696
|Q1| =   0.076436  Q10  =   0.048687  Q11c =   0.058923
|Q2| =   0.685583  Q20  =   0.684807  Q21c =  -0.008334  Q22c =   0.031535

TOP(-2)    x =  0.000000  y =  0.000000  z = -2.000000 angstrom
           Maximum rank =  2   Radius =  0.650 angstrom
                   Q00  =  -0.089982
|Q1| =   0.028264  Q10  =  -0.027412  Q11c =  -0.006891
|Q2| =   0.268709  Q20  =   0.266883  Q21c =   0.015366  Q22c =   0.027244

Total multipoles referred to origin at
           x =   0.000000,  y =    0.000000,  z =    0.000000 angstrom
                   Q00  =   1.000015
|Q1| =   2.774274  Q10  =   0.019448  Q11c =  -2.774206
|Q2| =  22.416058  Q20  = -16.845294  Q21c =  -0.075062  Q21s =   0.000002
                   Q22c =  14.788851  Q22s =  -0.000001

CPU time used:      0m53.467s          Total:      0m53.467s

Finished at 13:24:13 on 15 Jan 2025 
