                                     G D M A
                                 by Anthony Stone

               Distributed Multipoles from Gaussian wavefunctions

                             version 2.3.3 (6b8e81e)
              Compiled with gfortran on 14 January 2024 at 08:13:23

Starting at 09:24:11 on 15 Jan 2025 


Using SCF density matrix from file C6H4-NH2-2.fchk


                         Distributed Multipole Analysis

Standard DMA for products of primitives with exponent greater than 4.00000
Using 80-point Euler-MacLaurin radial quadrature
Using 590-point Lebedev quadrature
Becke smoothing parameter = 3

Positions and radii in angstrom
Multipole moments in atomic units, ea_0^k for rank k

C          x =  1.416184  y =  0.000000  z =  0.000690 angstrom
           Maximum rank =  2   Radius =  0.650 angstrom
                   Q00  =   0.113450
|Q1| =   0.262789  Q10  =   0.157442  Q11c =  -0.210404
|Q2| =   1.019395  Q20  =  -0.842255  Q21c =  -0.494670  Q22c =   0.291674

C          x =  0.693919  y =  1.194979  z = -0.000690 angstrom
           Maximum rank =  2   Radius =  0.650 angstrom
                   Q00  =   0.095954
|Q1| =   0.343240  Q10  =   0.216927  Q11c =  -0.102075  Q11s =  -0.245635
|Q2| =   1.117497  Q20  =  -0.991132  Q21c =  -0.268909  Q21s =  -0.378894
                   Q22c =  -0.104878  Q22s =   0.198955

C          x = -0.693919  y =  1.194979  z =  0.000690 angstrom
           Maximum rank =  2   Radius =  0.650 angstrom
                   Q00  =   0.095397
|Q1| =   0.363253  Q10  =   0.247156  Q11c =   0.103255  Q11s =  -0.245366
|Q2| =   1.102463  Q20  =  -1.000840  Q21c =   0.192246  Q21s =  -0.354125
                   Q22c =  -0.104227  Q22s =  -0.201291

C          x = -1.416184  y =  0.000000  z = -0.000690 angstrom
           Maximum rank =  2   Radius =  0.650 angstrom
                   Q00  =   0.111585
|Q1| =   0.332169  Q10  =   0.258617  Q11c =   0.208454
|Q2| =   0.971642  Q20  =  -0.865121  Q21c =   0.330141  Q22c =   0.294384

C          x = -0.693919  y = -1.194979  z =  0.000690 angstrom
           Maximum rank =  2   Radius =  0.650 angstrom
                   Q00  =   0.095397
|Q1| =   0.363253  Q10  =   0.247156  Q11c =   0.103255  Q11s =   0.245366
|Q2| =   1.102463  Q20  =  -1.000840  Q21c =   0.192246  Q21s =   0.354125
                   Q22c =  -0.104227  Q22s =   0.201291

C          x =  0.693919  y = -1.194979  z = -0.000690 angstrom
           Maximum rank =  2   Radius =  0.650 angstrom
                   Q00  =   0.095954
|Q1| =   0.343240  Q10  =   0.216927  Q11c =  -0.102075  Q11s =   0.245635
|Q2| =   1.117497  Q20  =  -0.991132  Q21c =  -0.268909  Q21s =   0.378894
                   Q22c =  -0.104878  Q22s =  -0.198955

H          x =  3.251860  y =  0.829864  z =  0.310546 angstrom
           Maximum rank =  2   Radius =  0.350 angstrom
                   Q00  =   0.108456
|Q1| =   0.071178  Q10  =  -0.018920  Q11c =  -0.059922  Q11s =  -0.033430
|Q2| =   0.203627  Q20  =  -0.129941  Q21c =   0.067993  Q21s =   0.100148
                   Q22c =  -0.045257  Q22s =   0.088760

H          x =  3.251860  y = -0.829864  z =  0.310546 angstrom
           Maximum rank =  2   Radius =  0.350 angstrom
                   Q00  =   0.108456
|Q1| =   0.071178  Q10  =  -0.018920  Q11c =  -0.059922  Q11s =   0.033430
|Q2| =   0.203627  Q20  =  -0.129941  Q21c =   0.067993  Q21s =  -0.100148
                   Q22c =  -0.045257  Q22s =  -0.088760

H          x =  1.224191  y =  2.140787  z = -0.007521 angstrom
           Maximum rank =  2   Radius =  0.350 angstrom
                   Q00  =   0.041103
|Q1| =   0.125115  Q10  =   0.004566  Q11c =  -0.053944  Q11s =  -0.112796
|Q2| =   0.188448  Q20  =  -0.160603  Q21c =  -0.006610  Q21s =  -0.005976
                   Q22c =  -0.050318  Q22s =   0.084310

H          x = -1.224191  y =  2.140787  z =  0.007521 angstrom
           Maximum rank =  2   Radius =  0.350 angstrom
                   Q00  =   0.041100
|Q1| =   0.125449  Q10  =   0.008829  Q11c =   0.054061  Q11s =  -0.112857
|Q2| =   0.188428  Q20  =  -0.160758  Q21c =   0.000933  Q21s =  -0.000242
                   Q22c =  -0.050420  Q22s =  -0.084373

N          x = -2.820225  y =  0.000000  z =  0.067720 angstrom
           Maximum rank =  2   Radius =  0.650 angstrom
                   Q00  =  -0.164392
|Q1| =   0.421102  Q10  =  -0.402852  Q11c =   0.122626
|Q2| =   1.422862  Q20  =  -1.261961  Q21c =   0.657047  Q22c =   0.016723

H          x = -1.224191  y = -2.140787  z =  0.007521 angstrom
           Maximum rank =  2   Radius =  0.350 angstrom
                   Q00  =   0.041100
|Q1| =   0.125449  Q10  =   0.008829  Q11c =   0.054061  Q11s =   0.112857
|Q2| =   0.188428  Q20  =  -0.160758  Q21c =   0.000933  Q21s =   0.000242
                   Q22c =  -0.050420  Q22s =   0.084373

H          x =  1.224191  y = -2.140787  z = -0.007521 angstrom
           Maximum rank =  2   Radius =  0.350 angstrom
                   Q00  =   0.041103
|Q1| =   0.125115  Q10  =   0.004566  Q11c =  -0.053944  Q11s =   0.112796
|Q2| =   0.188448  Q20  =  -0.160603  Q21c =  -0.006610  Q21s =   0.005976
                   Q22c =  -0.050318  Q22s =  -0.084310

N          x =  2.820225  y =  0.000000  z = -0.067720 angstrom
           Maximum rank =  2   Radius =  0.650 angstrom
                   Q00  =  -0.166003
|Q1| =   0.432997  Q10  =   0.415990  Q11c =  -0.120162
|Q2| =   1.405857  Q20  =  -1.269378  Q21c =   0.604078  Q22c =   0.014233

H          x = -3.251860  y =  0.829864  z = -0.310546 angstrom
           Maximum rank =  2   Radius =  0.350 angstrom
                   Q00  =   0.107587
|Q1| =   0.070760  Q10  =   0.022306  Q11c =   0.058549  Q11s =  -0.032885
|Q2| =   0.205851  Q20  =  -0.130871  Q21c =   0.073017  Q21s =  -0.099462
                   Q22c =  -0.046419  Q22s =  -0.088704

H          x = -3.251860  y = -0.829864  z = -0.310546 angstrom
           Maximum rank =  2   Radius =  0.350 angstrom
                   Q00  =   0.107587
|Q1| =   0.070760  Q10  =   0.022306  Q11c =   0.058549  Q11s =   0.032885
|Q2| =   0.205851  Q20  =  -0.130871  Q21c =   0.073017  Q21s =   0.099462
                   Q22c =  -0.046419  Q22s =   0.088704

TOP(1)     x =  0.000000  y =  0.000000  z =  1.000000 angstrom
           Maximum rank =  2   Radius =  0.650 angstrom
                   Q00  =  -0.873843
|Q1| =   0.259324  Q10  =   0.259171  Q11c =  -0.008914
|Q2| =   0.403490  Q20  =   0.391416  Q21c =  -0.020663  Q22c =   0.095765

Total multipoles referred to origin at
           x =   0.000000,  y =    0.000000,  z =    0.000000 angstrom
                   Q00  =  -0.000008
|Q1| =   0.000011  Q11c =   0.000011
|Q2| =  14.466506  Q20  = -10.032439  Q21c =  10.103005  Q22c =   2.561103

CPU time used:      0m43.830s          Total:      0m43.830s

Finished at 09:24:55 on 15 Jan 2025 
