                                     G D M A
                                 by Anthony Stone

               Distributed Multipoles from Gaussian wavefunctions

                             version 2.3.3 (6b8e81e)
              Compiled with gfortran on 14 January 2024 at 08:13:23

Starting at 15:40:38 on 14 Jan 2025 


Using SCF density matrix from file C6H5O+.fchk


                         Distributed Multipole Analysis

Standard DMA for products of primitives with exponent greater than 4.00000
Using 80-point Euler-MacLaurin radial quadrature
Using 590-point Lebedev quadrature
Becke smoothing parameter = 3

Positions and radii in angstrom
Multipole moments in atomic units, ea_0^k for rank k

C          x =  0.000000  y = -1.737686  z =  0.000000 angstrom
           Maximum rank =  2   Radius =  0.650 angstrom
                   Q00  =   0.300296
|Q1| =   0.221908  Q11s =   0.221908
|Q2| =   0.475955  Q20  =  -0.353652  Q22c =  -0.318533

C          x =  1.254141  y = -1.073448  z =  0.000000 angstrom
           Maximum rank =  2   Radius =  0.650 angstrom
                   Q00  =   0.178134
|Q1| =   0.267106  Q11c =  -0.213708  Q11s =   0.160232
|Q2| =   0.722973  Q20  =  -0.641130  Q22c =   0.070901  Q22s =  -0.326520

C          x =  1.280985  y =  0.282729  z =  0.000000 angstrom
           Maximum rank =  2   Radius =  0.650 angstrom
                   Q00  =   0.405181
|Q1| =   0.406883  Q11c =  -0.401072  Q11s =  -0.068520
|Q2| =   0.409753  Q20  =  -0.225325  Q22c =   0.187580  Q22s =   0.286251

C          x =  0.000000  y =  1.046111  z =  0.000000 angstrom
           Maximum rank =  2   Radius =  0.650 angstrom
                   Q00  =   0.597968
|Q1| =   0.434033  Q11s =  -0.434033
|Q2| =   0.606045  Q20  =   0.137051  Q22c =  -0.590345

C          x = -1.280985  y =  0.282729  z =  0.000000 angstrom
           Maximum rank =  2   Radius =  0.650 angstrom
                   Q00  =   0.405181
|Q1| =   0.406883  Q11c =   0.401072  Q11s =  -0.068520
|Q2| =   0.409753  Q20  =  -0.225325  Q22c =   0.187580  Q22s =  -0.286251

C          x = -1.254141  y = -1.073448  z =  0.000000 angstrom
           Maximum rank =  2   Radius =  0.650 angstrom
                   Q00  =   0.178134
|Q1| =   0.267106  Q11c =   0.213708  Q11s =   0.160232
|Q2| =   0.722973  Q20  =  -0.641130  Q22c =   0.070901  Q22s =   0.326520

H          x =  0.000000  y = -2.823300  z =  0.000000 angstrom
           Maximum rank =  2   Radius =  0.350 angstrom
                   Q00  =   0.110215
|Q1| =   0.065266  Q11s =   0.065266
|Q2| =   0.169844  Q20  =  -0.113851  Q22c =  -0.126035

H          x =  2.163849  y = -1.659249  z =  0.000000 angstrom
           Maximum rank =  2   Radius =  0.350 angstrom
                   Q00  =   0.101037
|Q1| =   0.072842  Q11c =  -0.058810  Q11s =   0.042980
|Q2| =   0.185156  Q20  =  -0.132361  Q22c =   0.054604  Q22s =  -0.117395

H          x =  2.195459  y =  0.863760  z =  0.000000 angstrom
           Maximum rank =  2   Radius =  0.350 angstrom
                   Q00  =   0.128576
|Q1| =   0.069387  Q11c =  -0.066731  Q11s =  -0.019014
|Q2| =   0.162967  Q20  =  -0.117853  Q22c =   0.044399  Q22s =   0.103430

H          x = -2.195459  y =  0.863760  z =  0.000000 angstrom
           Maximum rank =  2   Radius =  0.350 angstrom
                   Q00  =   0.128576
|Q1| =   0.069387  Q11c =   0.066731  Q11s =  -0.019014
|Q2| =   0.162967  Q20  =  -0.117853  Q22c =   0.044399  Q22s =  -0.103430

H          x = -2.163849  y = -1.659249  z =  0.000000 angstrom
           Maximum rank =  2   Radius =  0.350 angstrom
                   Q00  =   0.101037
|Q1| =   0.072842  Q11c =   0.058810  Q11s =   0.042980
|Q2| =   0.185156  Q20  =  -0.132361  Q22c =   0.054604  Q22s =   0.117395

O          x =  0.000000  y =  2.256545  z =  0.000000 angstrom
           Maximum rank =  2   Radius =  0.650 angstrom
                   Q00  =  -0.130938
|Q1| =   0.402724  Q11s =  -0.402724
|Q2| =   0.911391  Q20  =   0.044347  Q22c =  -0.910311

TOP(1)     x =  0.000000  y =  0.000000  z =  1.000000 angstrom
           Maximum rank =  2   Radius =  0.650 angstrom
                   Q00  =  -0.751700
|Q1| =   0.278841  Q10  =   0.275421  Q11s =   0.043538
|Q2| =   0.397432  Q20  =   0.386822  Q21s =  -0.013489  Q22c =  -0.090216

TOP(-1)    x =  0.000000  y =  0.000000  z = -1.000000 angstrom
           Maximum rank =  2   Radius =  0.650 angstrom
                   Q00  =  -0.751700
|Q1| =   0.278841  Q10  =  -0.275421  Q11s =   0.043538
|Q2| =   0.397432  Q20  =   0.386822  Q21s =   0.013489  Q22c =  -0.090216

Total multipoles referred to origin at
           x =   0.000000,  y =    0.000000,  z =    0.000000 angstrom
                   Q00  =   0.999997
|Q1| =   1.685137  Q11s =  -1.685137
|Q2| =   9.507879  Q20  =  -8.963724  Q22c =   3.170395

CPU time used:      0m30.114s          Total:      0m30.114s

Finished at 15:41:08 on 14 Jan 2025 
