                                     G D M A
                                 by Anthony Stone

               Distributed Multipoles from Gaussian wavefunctions

                             version 2.3.3 (6b8e81e)
              Compiled with gfortran on 14 January 2024 at 08:13:23

Starting at 09:27:14 on 15 Jan 2025 


Using SCF density matrix from file C6H5NH-.fchk


                         Distributed Multipole Analysis

Standard DMA for products of primitives with exponent greater than 4.00000
Using 80-point Euler-MacLaurin radial quadrature
Using 590-point Lebedev quadrature
Becke smoothing parameter = 3

Positions and radii in angstrom
Multipole moments in atomic units, ea_0^k for rank k

C          x =  0.024544  y = -1.845063  z =  0.000000 angstrom
           Maximum rank =  2   Radius =  0.650 angstrom
                   Q00  =  -0.090157
|Q1| =   0.240495  Q10  =  -0.100707  Q11c =  -0.001595  Q11s =   0.218388
|Q2| =   1.546892  Q20  =  -1.493950  Q21c =   0.003206  Q21s =  -0.247662
                   Q22c =  -0.315478  Q22s =  -0.010787

C          x =  1.214252  y = -1.099043  z =  0.000000 angstrom
           Maximum rank =  2   Radius =  0.650 angstrom
                   Q00  =   0.016287
|Q1| =   0.263358  Q10  =  -0.155692  Q11c =  -0.169527  Q11s =   0.127976
|Q2| =   1.276453  Q20  =  -1.195923  Q21c =   0.260474  Q21s =  -0.216432
                   Q22c =   0.110643  Q22s =  -0.268643

C          x =  1.214991  y =  0.279913  z =  0.000000 angstrom
           Maximum rank =  2   Radius =  0.650 angstrom
                   Q00  =   0.098639
|Q1| =   0.443239  Q10  =  -0.311062  Q11c =  -0.314594  Q11s =  -0.027041
|Q2| =   1.190045  Q20  =  -1.055210  Q21c =   0.476452  Q21s =   0.159317
                   Q22c =   0.055502  Q22s =   0.217414

C          x =  0.000000  y =  1.061134  z =  0.000000 angstrom
           Maximum rank =  2   Radius =  0.650 angstrom
                   Q00  =   0.216816
|Q1| =   0.497748  Q10  =  -0.374325  Q11c =   0.042671  Q11s =  -0.325290
|Q2| =   0.903893  Q20  =  -0.595210  Q21c =   0.004696  Q21s =   0.547396
                   Q22c =  -0.398521  Q22s =   0.065296

C          x = -1.201196  y =  0.256214  z =  0.000000 angstrom
           Maximum rank =  2   Radius =  0.650 angstrom
                   Q00  =   0.081125
|Q1| =   0.463373  Q10  =  -0.325304  Q11c =   0.324341  Q11s =  -0.060789
|Q2| =   1.206552  Q20  =  -1.068471  Q21c =  -0.488605  Q21s =   0.150072
                   Q22c =   0.136701  Q22s =  -0.184916

C          x = -1.176534  y = -1.126298  z =  0.000000 angstrom
           Maximum rank =  2   Radius =  0.650 angstrom
                   Q00  =   0.016828
|Q1| =   0.268028  Q10  =  -0.158386  Q11c =   0.170038  Q11s =   0.133565
|Q2| =   1.277169  Q20  =  -1.194306  Q21c =  -0.256070  Q21s =  -0.226506
                   Q22c =   0.103846  Q22s =   0.277730

H          x =  0.035832  y = -2.928532  z =  0.000000 angstrom
           Maximum rank =  2   Radius =  0.350 angstrom
                   Q00  =  -0.014098
|Q1| =   0.156789  Q10  =  -0.004772  Q11c =  -0.001356  Q11s =   0.156710
|Q2| =   0.240875  Q20  =  -0.206055  Q21c =   0.000080  Q21s =  -0.002640
                   Q22c =  -0.124681  Q22s =  -0.003080

H          x =  2.168781  y = -1.622032  z =  0.000000 angstrom
           Maximum rank =  2   Radius =  0.350 angstrom
                   Q00  =  -0.000341
|Q1| =   0.154321  Q10  =  -0.005593  Q11c =  -0.132840  Q11s =   0.078340
|Q2| =   0.198195  Q20  =  -0.163308  Q21c =   0.001839  Q21s =  -0.003398
                   Q22c =   0.061316  Q22s =  -0.094006

H          x =  2.151063  y =  0.829416  z =  0.000000 angstrom
           Maximum rank =  2   Radius =  0.350 angstrom
                   Q00  =   0.016777
|Q1| =   0.157189  Q10  =  -0.009517  Q11c =  -0.149307  Q11s =  -0.048221
|Q2| =   0.190759  Q20  =  -0.169164  Q21c =   0.005050  Q21s =   0.002652
                   Q22c =   0.027084  Q22s =   0.083704

N          x =  0.053045  y =  2.386554  z =  0.000000 angstrom
           Maximum rank =  2   Radius =  0.650 angstrom
                   Q00  =  -0.458018
|Q1| =   0.822085  Q10  =  -0.020120  Q11c =  -0.620079  Q11s =  -0.539370
|Q2| =   1.502562  Q20  =  -1.081933  Q21c =  -0.008510  Q21s =   0.057793
                   Q22c =  -0.371207  Q22s =  -0.972577

H          x = -2.157983  y =  0.774528  z =  0.000000 angstrom
           Maximum rank =  2   Radius =  0.350 angstrom
                   Q00  =   0.000369
|Q1| =   0.166872  Q10  =  -0.010036  Q11c =   0.153948  Q11s =  -0.063605
|Q2| =   0.195218  Q20  =  -0.174274  Q21c =  -0.005460  Q21s =   0.002671
                   Q22c =   0.046335  Q22s =  -0.074529

H          x = -2.121527  y = -1.666809  z =  0.000000 angstrom
           Maximum rank =  2   Radius =  0.350 angstrom
                   Q00  =  -0.001010
|Q1| =   0.155503  Q10  =  -0.005686  Q11c =   0.132671  Q11s =   0.080916
|Q2| =   0.197076  Q20  =  -0.162245  Q21c =  -0.001787  Q21s =  -0.003529
                   Q22c =   0.058116  Q22s =   0.095511

H          x = -0.903830  y =  2.746408  z =  0.000000 angstrom
           Maximum rank =  2   Radius =  0.350 angstrom
                   Q00  =   0.028682
|Q1| =   0.131431  Q10  =  -0.004062  Q11c =   0.091744  Q11s =  -0.094025
|Q2| =   0.191357  Q20  =  -0.155984  Q21c =   0.000528  Q21s =   0.004352
                   Q22c =   0.054703  Q22s =  -0.096306

TOP(-1)    x =  0.000000  y =  0.000000  z = -1.000000 angstrom
           Maximum rank =  2   Radius =  0.650 angstrom
                   Q00  =  -0.911905
|Q1| =   0.238063  Q10  =  -0.237974  Q11c =   0.006126  Q11s =   0.002167
|Q2| =   0.442060  Q20  =   0.426492  Q21c =  -0.008507  Q21s =   0.027331
                   Q22c =  -0.112480  Q22s =   0.007054

Total multipoles referred to origin at
           x =   0.000000,  y =    0.000000,  z =    0.000000 angstrom
                   Q00  =  -1.000005
|Q1| =   1.469633  Q10  =   0.000014  Q11c =  -0.456173  Q11s =  -1.397043
|Q2| =  13.089595  Q20  =   4.333155  Q21c =  -0.000027  Q21s =   0.000047
                   Q22c =  11.310013  Q22s =  -4.964360

CPU time used:      0m31.864s          Total:      0m31.864s

Finished at 09:27:46 on 15 Jan 2025 
