                                     G D M A
                                 by Anthony Stone

               Distributed Multipoles from Gaussian wavefunctions

                             version 2.3.3 (6b8e81e)
              Compiled with gfortran on 14 January 2024 at 08:13:23

Starting at 09:26:36 on 15 Jan 2025 


Using SCF density matrix from file C6H5O+.fchk


                         Distributed Multipole Analysis

Standard DMA for products of primitives with exponent greater than 4.00000
Using 80-point Euler-MacLaurin radial quadrature
Using 590-point Lebedev quadrature
Becke smoothing parameter = 3

Positions and radii in angstrom
Multipole moments in atomic units, ea_0^k for rank k

C          x =  0.000000  y = -1.737686  z =  0.000000 angstrom
           Maximum rank =  2   Radius =  0.650 angstrom
                   Q00  =   0.235148
|Q1| =   0.155203  Q10  =   0.108097  Q11s =   0.111369
|Q2| =   0.581256  Q20  =  -0.472687  Q21s =   0.275434  Q22c =  -0.196370

C          x =  1.254141  y = -1.073448  z =  0.000000 angstrom
           Maximum rank =  2   Radius =  0.650 angstrom
                   Q00  =   0.103614
|Q1| =   0.196887  Q10  =   0.126574  Q11c =  -0.122641  Q11s =   0.087765
|Q2| =   0.882121  Q20  =  -0.803202  Q21c =  -0.228381  Q21s =   0.180342
                   Q22c =   0.035359  Q22s =  -0.216964

C          x =  1.280985  y =  0.282729  z =  0.000000 angstrom
           Maximum rank =  2   Radius =  0.650 angstrom
                   Q00  =   0.268939
|Q1| =   0.316500  Q10  =   0.219006  Q11c =  -0.228092  Q11s =  -0.013505
|Q2| =   0.669846  Q20  =  -0.490627  Q21c =  -0.385999  Q21s =  -0.135467
                   Q22c =   0.064243  Q22s =   0.191063

C          x =  0.000000  y =  1.046111  z =  0.000000 angstrom
           Maximum rank =  2   Radius =  0.650 angstrom
                   Q00  =   0.398402
|Q1| =   0.363183  Q10  =   0.304740  Q11s =  -0.197574
|Q2| =   0.668686  Q20  =  -0.191344  Q21s =  -0.488606  Q22c =  -0.414479

C          x = -1.280985  y =  0.282729  z =  0.000000 angstrom
           Maximum rank =  2   Radius =  0.650 angstrom
                   Q00  =   0.268939
|Q1| =   0.316500  Q10  =   0.219006  Q11c =   0.228092  Q11s =  -0.013505
|Q2| =   0.669846  Q20  =  -0.490627  Q21c =   0.385999  Q21s =  -0.135467
                   Q22c =   0.064243  Q22s =  -0.191063

C          x = -1.254141  y = -1.073448  z =  0.000000 angstrom
           Maximum rank =  2   Radius =  0.650 angstrom
                   Q00  =   0.103614
|Q1| =   0.196887  Q10  =   0.126574  Q11c =   0.122641  Q11s =   0.087765
|Q2| =   0.882121  Q20  =  -0.803202  Q21c =   0.228381  Q21s =   0.180342
                   Q22c =   0.035359  Q22s =   0.216964

H          x =  0.000000  y = -2.823300  z =  0.000000 angstrom
           Maximum rank =  2   Radius =  0.350 angstrom
                   Q00  =   0.107379
|Q1| =   0.063558  Q10  =   0.003186  Q11s =   0.063478
|Q2| =   0.173862  Q20  =  -0.118458  Q21s =   0.002450  Q22c =  -0.127239

H          x =  2.163849  y = -1.659249  z =  0.000000 angstrom
           Maximum rank =  2   Radius =  0.350 angstrom
                   Q00  =   0.097476
|Q1| =   0.070774  Q10  =   0.004242  Q11c =  -0.057348  Q11s =   0.041257
|Q2| =   0.191003  Q20  =  -0.138861  Q21c =  -0.002031  Q21s =   0.002581
                   Q22c =   0.055604  Q22s =  -0.118731

H          x =  2.195459  y =  0.863760  z =  0.000000 angstrom
           Maximum rank =  2   Radius =  0.350 angstrom
                   Q00  =   0.122932
|Q1| =   0.066029  Q10  =   0.006440  Q11c =  -0.063218  Q11s =  -0.017939
|Q2| =   0.170751  Q20  =  -0.126950  Q21c =  -0.004609  Q21s =  -0.001897
                   Q22c =   0.044260  Q22s =   0.105147

H          x = -2.195459  y =  0.863760  z =  0.000000 angstrom
           Maximum rank =  2   Radius =  0.350 angstrom
                   Q00  =   0.122932
|Q1| =   0.066029  Q10  =   0.006440  Q11c =   0.063218  Q11s =  -0.017939
|Q2| =   0.170751  Q20  =  -0.126950  Q21c =   0.004609  Q21s =  -0.001897
                   Q22c =   0.044260  Q22s =  -0.105147

H          x = -2.163849  y = -1.659249  z =  0.000000 angstrom
           Maximum rank =  2   Radius =  0.350 angstrom
                   Q00  =   0.097476
|Q1| =   0.070774  Q10  =   0.004242  Q11c =   0.057348  Q11s =   0.041257
|Q2| =   0.191003  Q20  =  -0.138861  Q21c =   0.002031  Q21s =   0.002581
                   Q22c =   0.055604  Q22s =   0.118731

O          x =  0.000000  y =  2.256545  z =  0.000000 angstrom
           Maximum rank =  2   Radius =  0.650 angstrom
                   Q00  =  -0.146392
|Q1| =   0.381513  Q10  =   0.018063  Q11s =  -0.381085
|Q2| =   0.904339  Q20  =   0.030137  Q21s =  -0.042667  Q22c =  -0.902829

TOP(1)     x =  0.000000  y =  0.000000  z =  1.000000 angstrom
           Maximum rank =  2   Radius =  0.650 angstrom
                   Q00  =  -0.780459
|Q1| =   0.331759  Q10  =   0.328240  Q11s =   0.048193
|Q2| =   0.318863  Q20  =   0.303781  Q21s =  -0.034309  Q22c =  -0.090627

Total multipoles referred to origin at
           x =   0.000000,  y =    0.000000,  z =    0.000000 angstrom
                   Q00  =   0.999999
|Q1| =   1.685138  Q10  =  -0.000001  Q11s =  -1.685138
|Q2| =   9.507879  Q20  =  -8.963724  Q21s =  -0.000005  Q22c =   3.170396

CPU time used:      0m25.891s          Total:      0m25.891s

Finished at 09:27:02 on 15 Jan 2025 
