                                     G D M A
                                 by Anthony Stone

               Distributed Multipoles from Gaussian wavefunctions

                             version 2.3.3 (6b8e81e)
              Compiled with gfortran on 14 January 2024 at 08:13:23

Starting at 15:40:38 on 14 Jan 2025 


Using SCF density matrix from file C6H4O2.fchk


                         Distributed Multipole Analysis

Standard DMA for products of primitives with exponent greater than 4.00000
Using 80-point Euler-MacLaurin radial quadrature
Using 590-point Lebedev quadrature
Becke smoothing parameter = 3

Positions and radii in angstrom
Multipole moments in atomic units, ea_0^k for rank k

C          x =  0.000000  y =  1.438994  z =  0.000000 angstrom
           Maximum rank =  2   Radius =  0.650 angstrom
                   Q00  =   0.385373
|Q1| =   0.283302  Q11s =  -0.283302
|Q2| =   0.591328  Q20  =  -0.243138  Q22c =  -0.539030

C          x =  1.265870  y =  0.668026  z =  0.000000 angstrom
           Maximum rank =  2   Radius =  0.650 angstrom
                   Q00  =   0.261980
|Q1| =   0.382183  Q11c =  -0.361083  Q11s =  -0.125231
|Q2| =   0.675625  Q20  =  -0.564309  Q22c =   0.063512  Q22s =   0.366047

C          x =  1.265870  y = -0.668026  z =  0.000000 angstrom
           Maximum rank =  2   Radius =  0.650 angstrom
                   Q00  =   0.261980
|Q1| =   0.382183  Q11c =  -0.361083  Q11s =   0.125231
|Q2| =   0.675625  Q20  =  -0.564309  Q22c =   0.063512  Q22s =  -0.366047

C          x =  0.000000  y = -1.438994  z =  0.000000 angstrom
           Maximum rank =  2   Radius =  0.650 angstrom
                   Q00  =   0.385373
|Q1| =   0.283302  Q11s =   0.283302
|Q2| =   0.591328  Q20  =  -0.243138  Q22c =  -0.539030

C          x = -1.265870  y = -0.668026  z =  0.000000 angstrom
           Maximum rank =  2   Radius =  0.650 angstrom
                   Q00  =   0.261980
|Q1| =   0.382183  Q11c =   0.361083  Q11s =   0.125231
|Q2| =   0.675625  Q20  =  -0.564309  Q22c =   0.063512  Q22s =   0.366047

C          x = -1.265870  y =  0.668026  z =  0.000000 angstrom
           Maximum rank =  2   Radius =  0.650 angstrom
                   Q00  =   0.261980
|Q1| =   0.382183  Q11c =   0.361083  Q11s =  -0.125231
|Q2| =   0.675625  Q20  =  -0.564309  Q22c =   0.063512  Q22s =  -0.366047

H          x =  2.176967  y =  1.253741  z =  0.000000 angstrom
           Maximum rank =  2   Radius =  0.350 angstrom
                   Q00  =   0.080474
|Q1| =   0.103371  Q11c =  -0.096699  Q11s =  -0.036537
|Q2| =   0.172111  Q20  =  -0.137078  Q22c =   0.032706  Q22s =   0.098804

H          x =  2.176967  y = -1.253741  z =  0.000000 angstrom
           Maximum rank =  2   Radius =  0.350 angstrom
                   Q00  =   0.080474
|Q1| =   0.103371  Q11c =  -0.096699  Q11s =   0.036537
|Q2| =   0.172111  Q20  =  -0.137078  Q22c =   0.032706  Q22s =  -0.098804

H          x = -2.176967  y = -1.253741  z =  0.000000 angstrom
           Maximum rank =  2   Radius =  0.350 angstrom
                   Q00  =   0.080474
|Q1| =   0.103371  Q11c =   0.096699  Q11s =   0.036537
|Q2| =   0.172111  Q20  =  -0.137078  Q22c =   0.032706  Q22s =   0.098804

H          x = -2.176967  y =  1.253741  z =  0.000000 angstrom
           Maximum rank =  2   Radius =  0.350 angstrom
                   Q00  =   0.080474
|Q1| =   0.103371  Q11c =   0.096699  Q11s =  -0.036537
|Q2| =   0.172111  Q20  =  -0.137078  Q22c =   0.032706  Q22s =  -0.098804

O          x =  0.000000  y = -2.656661  z =  0.000000 angstrom
           Maximum rank =  2   Radius =  0.650 angstrom
                   Q00  =  -0.311094
|Q1| =   0.456181  Q11s =   0.456181
|Q2| =   0.981498  Q20  =  -0.095718  Q22c =  -0.976819

O          x =  0.000000  y =  2.656661  z =  0.000000 angstrom
           Maximum rank =  2   Radius =  0.650 angstrom
                   Q00  =  -0.311094
|Q1| =   0.456181  Q11s =  -0.456181
|Q2| =   0.981498  Q20  =  -0.095718  Q22c =  -0.976819

TOP(1)     x =  0.000000  y =  0.000000  z =  1.000000 angstrom
           Maximum rank =  2   Radius =  0.650 angstrom
                   Q00  =  -0.759190
|Q1| =   0.239584  Q10  =   0.239584
|Q2| =   0.452635  Q20  =   0.401988  Q22c =  -0.208049

TOP(-1)    x =  0.000000  y =  0.000000  z = -1.000000 angstrom
           Maximum rank =  2   Radius =  0.650 angstrom
                   Q00  =  -0.759190
|Q1| =   0.239584  Q10  =  -0.239584
|Q2| =   0.452635  Q20  =   0.401988  Q22c =  -0.208049

Total multipoles referred to origin at
           x =   0.000000,  y =    0.000000,  z =    0.000000 angstrom
                   Q00  =  -0.000005
|Q1| =   0.000000
|Q2| =  16.392318  Q20  =   3.386048  Q22c =  16.038790

CPU time used:      0m49.670s          Total:      0m49.670s

Finished at 15:41:28 on 14 Jan 2025 
