                                     G D M A
                                 by Anthony Stone

               Distributed Multipoles from Gaussian wavefunctions

                             version 2.3.3 (6b8e81e)
              Compiled with gfortran on 14 January 2024 at 08:13:23

Starting at 15:40:38 on 14 Jan 2025 


Using SCF density matrix from file C6H4-CH3-2.fchk


                         Distributed Multipole Analysis

Standard DMA for products of primitives with exponent greater than 4.00000
Using 80-point Euler-MacLaurin radial quadrature
Using 590-point Lebedev quadrature
Becke smoothing parameter = 3

Positions and radii in angstrom
Multipole moments in atomic units, ea_0^k for rank k

C          x =  1.417340  y =  0.002481  z = -0.010913 angstrom
           Maximum rank =  2   Radius =  0.650 angstrom
                   Q00  =   0.159823
|Q1| =   0.471799  Q10  =  -0.001086  Q11c =  -0.471798  Q11s =   0.000619
|Q2| =   0.679681  Q20  =  -0.549268  Q21c =   0.006764  Q21s =   0.000593
                   Q22c =   0.400277  Q22s =   0.001785

C          x =  0.693898  y = -1.191842  z = -0.006209 angstrom
           Maximum rank =  2   Radius =  0.650 angstrom
                   Q00  =   0.240933
|Q1| =   0.441881  Q10  =   0.002190  Q11c =  -0.204421  Q11s =   0.391748
|Q2| =   0.728897  Q20  =  -0.613679  Q21c =   0.005316  Q21s =  -0.004504
                   Q22c =  -0.196267  Q22s =  -0.340762

C          x = -0.693898  y = -1.191842  z =  0.006209 angstrom
           Maximum rank =  2   Radius =  0.650 angstrom
                   Q00  =   0.240933
|Q1| =   0.441881  Q10  =  -0.002190  Q11c =   0.204421  Q11s =   0.391748
|Q2| =   0.728897  Q20  =  -0.613679  Q21c =   0.005316  Q21s =   0.004504
                   Q22c =  -0.196267  Q22s =   0.340762

C          x = -1.417340  y =  0.002481  z =  0.010913 angstrom
           Maximum rank =  2   Radius =  0.650 angstrom
                   Q00  =   0.159823
|Q1| =   0.471799  Q10  =   0.001086  Q11c =   0.471798  Q11s =   0.000619
|Q2| =   0.679681  Q20  =  -0.549268  Q21c =   0.006764  Q21s =  -0.000593
                   Q22c =   0.400277  Q22s =  -0.001785

C          x = -0.695480  y =  1.194108  z =  0.006161 angstrom
           Maximum rank =  2   Radius =  0.650 angstrom
                   Q00  =   0.238700
|Q1| =   0.442725  Q10  =  -0.002570  Q11c =   0.207710  Q11s =  -0.390967
|Q2| =   0.727205  Q20  =  -0.611818  Q21c =   0.007170  Q21s =  -0.004907
                   Q22c =  -0.204392  Q22s =  -0.335639

C          x =  0.695480  y =  1.194108  z = -0.006161 angstrom
           Maximum rank =  2   Radius =  0.650 angstrom
                   Q00  =   0.238700
|Q1| =   0.442725  Q10  =   0.002570  Q11c =  -0.207710  Q11s =  -0.390967
|Q2| =   0.727205  Q20  =  -0.611818  Q21c =   0.007170  Q21s =   0.004907
                   Q22c =  -0.204392  Q22s =   0.335639

H          x =  1.225450  y = -2.137096  z = -0.011084 angstrom
           Maximum rank =  2   Radius =  0.350 angstrom
                   Q00  =   0.046825
|Q1| =   0.127930  Q10  =   0.001235  Q11c =  -0.055062  Q11s =   0.115468
|Q2| =   0.173833  Q20  =  -0.143622  Q21c =   0.000362  Q21s =   0.001291
                   Q22c =  -0.052875  Q22s =  -0.082421

H          x = -1.225450  y = -2.137096  z =  0.011084 angstrom
           Maximum rank =  2   Radius =  0.350 angstrom
                   Q00  =   0.046825
|Q1| =   0.127930  Q10  =  -0.001235  Q11c =   0.055062  Q11s =   0.115468
|Q2| =   0.173833  Q20  =  -0.143622  Q21c =   0.000362  Q21s =  -0.001291
                   Q22c =  -0.052875  Q22s =   0.082421

H          x = -1.226619  y =  2.139324  z =  0.010860 angstrom
           Maximum rank =  2   Radius =  0.350 angstrom
                   Q00  =   0.045090
|Q1| =   0.128871  Q10  =  -0.000805  Q11c =   0.057226  Q11s =  -0.115465
|Q2| =   0.175187  Q20  =  -0.144075  Q21c =  -0.001349  Q21s =   0.001173
                   Q22c =  -0.054888  Q22s =  -0.083169

H          x =  1.226619  y =  2.139324  z = -0.010860 angstrom
           Maximum rank =  2   Radius =  0.350 angstrom
                   Q00  =   0.045090
|Q1| =   0.128871  Q10  =   0.000805  Q11c =  -0.057226  Q11s =  -0.115465
|Q2| =   0.175187  Q20  =  -0.144075  Q21c =  -0.001349  Q21s =  -0.001173
                   Q22c =  -0.054888  Q22s =   0.083169

C          x =  2.923736  y = -0.002343  z =  0.006161 angstrom
           Maximum rank =  2   Radius =  0.650 angstrom
                   Q00  =   0.037676
|Q1| =   0.044431  Q10  =  -0.005753  Q11c =  -0.043755  Q11s =   0.005150
|Q2| =   0.168863  Q20  =  -0.075607  Q21c =  -0.003340  Q21s =   0.000637
                   Q22c =   0.150944  Q22s =   0.001587

C          x = -2.923736  y = -0.002343  z = -0.006161 angstrom
           Maximum rank =  2   Radius =  0.650 angstrom
                   Q00  =   0.037676
|Q1| =   0.044431  Q10  =   0.005753  Q11c =   0.043755  Q11s =   0.005150
|Q2| =   0.168863  Q20  =  -0.075607  Q21c =  -0.003340  Q21s =  -0.000637
                   Q22c =   0.150944  Q22s =  -0.001587

H          x =  3.327264  y = -0.782694  z = -0.641891 angstrom
           Maximum rank =  2   Radius =  0.350 angstrom
                   Q00  =   0.024524
|Q1| =   0.131664  Q10  =   0.058483  Q11c =  -0.093365  Q11s =   0.072097
|Q2| =   0.178382  Q20  =  -0.017244  Q21c =  -0.058457  Q21s =   0.154761
                   Q22c =  -0.027262  Q22s =  -0.058408

H          x =  3.327848  y =  0.954699  z = -0.325860 angstrom
           Maximum rank =  2   Radius =  0.350 angstrom
                   Q00  =   0.022315
|Q1| =   0.131649  Q10  =   0.029815  Q11c =  -0.092870  Q11s =  -0.088417
|Q2| =   0.180919  Q20  =  -0.104479  Q21c =  -0.031945  Q21s =  -0.099184
                   Q22c =  -0.072591  Q22s =   0.075422

H          x =  3.306998  y = -0.188649  z =  1.013771 angstrom
           Maximum rank =  2   Radius =  0.350 angstrom
                   Q00  =   0.028576
|Q1| =   0.131248  Q10  =  -0.092275  Q11c =  -0.091711  Q11s =   0.017340
|Q2| =   0.175184  Q20  =   0.137301  Q21c =   0.077214  Q21s =  -0.054769
                   Q22c =   0.052317  Q22s =  -0.011806

H          x = -3.327264  y = -0.782694  z =  0.641891 angstrom
           Maximum rank =  2   Radius =  0.350 angstrom
                   Q00  =   0.024524
|Q1| =   0.131664  Q10  =  -0.058483  Q11c =   0.093365  Q11s =   0.072097
|Q2| =   0.178382  Q20  =  -0.017244  Q21c =  -0.058457  Q21s =  -0.154761
                   Q22c =  -0.027262  Q22s =   0.058408

H          x = -3.327848  y =  0.954699  z =  0.325860 angstrom
           Maximum rank =  2   Radius =  0.350 angstrom
                   Q00  =   0.022315
|Q1| =   0.131649  Q10  =  -0.029815  Q11c =   0.092870  Q11s =  -0.088417
|Q2| =   0.180919  Q20  =  -0.104479  Q21c =  -0.031945  Q21s =   0.099184
                   Q22c =  -0.072591  Q22s =  -0.075422

H          x = -3.306998  y = -0.188649  z = -1.013771 angstrom
           Maximum rank =  2   Radius =  0.350 angstrom
                   Q00  =   0.028576
|Q1| =   0.131248  Q10  =   0.092275  Q11c =   0.091711  Q11s =   0.017340
|Q2| =   0.175184  Q20  =   0.137301  Q21c =   0.077214  Q21s =   0.054769
                   Q22c =   0.052317  Q22s =   0.011806

TOP(1)     x =  0.000000  y =  0.000000  z =  1.000000 angstrom
           Maximum rank =  2   Radius =  0.650 angstrom
                   Q00  =  -0.844465
|Q1| =   0.209489  Q10  =   0.209444  Q11c =   0.004312  Q11s =   0.000550
|Q2| =   0.475841  Q20  =   0.472050  Q21c =   0.006629  Q21s =   0.000624
                   Q22c =   0.059574  Q22s =   0.000050

TOP(-1)    x =  0.000000  y =  0.000000  z = -1.000000 angstrom
           Maximum rank =  2   Radius =  0.650 angstrom
                   Q00  =  -0.844465
|Q1| =   0.209489  Q10  =  -0.209444  Q11c =  -0.004312  Q11s =   0.000550
|Q2| =   0.475841  Q20  =   0.472050  Q21c =   0.006629  Q21s =  -0.000624
                   Q22c =   0.059574  Q22s =  -0.000050

Total multipoles referred to origin at
           x =   0.000000,  y =    0.000000,  z =    0.000000 angstrom
                   Q00  =  -0.000006
|Q1| =   0.016646  Q11s =  -0.016646
|Q2| =   5.177723  Q20  =  -5.125805  Q21c =   0.101840  Q22c =   0.724273

CPU time used:      1m29.180s          Total:      1m29.180s

Finished at 15:42:08 on 14 Jan 2025 
