                                     G D M A
                                 by Anthony Stone

               Distributed Multipoles from Gaussian wavefunctions

                             version 2.3.3 (6b8e81e)
              Compiled with gfortran on 14 January 2024 at 08:13:23

Starting at 09:27:08 on 15 Jan 2025 


Using SCF density matrix from file C6H5BH3-.fchk


                         Distributed Multipole Analysis

Standard DMA for products of primitives with exponent greater than 4.00000
Using 80-point Euler-MacLaurin radial quadrature
Using 590-point Lebedev quadrature
Becke smoothing parameter = 3

Positions and radii in angstrom
Multipole moments in atomic units, ea_0^k for rank k

C          x = -1.891370  y =  0.000000  z =  0.008888 angstrom
           Maximum rank =  2   Radius =  0.650 angstrom
                   Q00  =  -0.034219
|Q1| =   0.200515  Q10  =  -0.086865  Q11c =   0.180723
|Q2| =   1.333246  Q20  =  -1.280726  Q21c =  -0.230370  Q22c =   0.290201

C          x = -1.178556  y =  1.196707  z =  0.010046 angstrom
           Maximum rank =  2   Radius =  0.650 angstrom
                   Q00  =   0.011628
|Q1| =   0.242930  Q10  =  -0.135656  Q11c =   0.123932  Q11s =  -0.158913
|Q2| =   1.227932  Q20  =  -1.154563  Q21c =  -0.205992  Q21s =   0.235137
                   Q22c =  -0.105833  Q22s =  -0.256671

C          x =  0.213762  y =  1.186154  z =  0.010046 angstrom
           Maximum rank =  2   Radius =  0.650 angstrom
                   Q00  =   0.139480
|Q1| =   0.441300  Q10  =  -0.325462  Q11c =  -0.057836  Q11s =  -0.292360
|Q2| =   1.022761  Q20  =  -0.863204  Q21c =   0.100810  Q21s =   0.489849
                   Q22c =  -0.158010  Q22s =   0.160734

C          x =  0.971866  y =  0.000000  z =  0.004252 angstrom
           Maximum rank =  2   Radius =  0.650 angstrom
                   Q00  =   0.133266
|Q1| =   0.695613  Q10  =  -0.437901  Q11c =  -0.540481
|Q2| =   0.751677  Q20  =  -0.512935  Q21c =   0.509356  Q22c =   0.206089

C          x =  0.213762  y = -1.186154  z =  0.010046 angstrom
           Maximum rank =  2   Radius =  0.650 angstrom
                   Q00  =   0.139480
|Q1| =   0.441300  Q10  =  -0.325462  Q11c =  -0.057836  Q11s =   0.292360
|Q2| =   1.022761  Q20  =  -0.863204  Q21c =   0.100810  Q21s =  -0.489849
                   Q22c =  -0.158010  Q22s =  -0.160734

C          x = -1.178556  y = -1.196707  z =  0.010046 angstrom
           Maximum rank =  2   Radius =  0.650 angstrom
                   Q00  =   0.011628
|Q1| =   0.242930  Q10  =  -0.135656  Q11c =   0.123932  Q11s =   0.158913
|Q2| =   1.227932  Q20  =  -1.154563  Q21c =  -0.205992  Q21s =  -0.235137
                   Q22c =  -0.105833  Q22s =   0.256671

H          x = -2.976484  y =  0.000000  z =  0.012741 angstrom
           Maximum rank =  2   Radius =  0.350 angstrom
                   Q00  =   0.003081
|Q1| =   0.144130  Q10  =  -0.004340  Q11c =   0.144065
|Q2| =   0.213109  Q20  =  -0.173979  Q21c =  -0.003363  Q22c =   0.123027

H          x = -1.713310  y =  2.142907  z =  0.015098 angstrom
           Maximum rank =  2   Radius =  0.350 angstrom
                   Q00  =   0.006649
|Q1| =   0.145663  Q10  =  -0.005844  Q11c =   0.076870  Q11s =  -0.123590
|Q2| =   0.200918  Q20  =  -0.163622  Q21c =  -0.003745  Q21s =   0.003209
                   Q22c =  -0.062970  Q22s =  -0.098011

H          x =  0.745723  y =  2.133212  z =  0.017815 angstrom
           Maximum rank =  2   Radius =  0.350 angstrom
                   Q00  =   0.018550
|Q1| =   0.155651  Q10  =  -0.013414  Q11c =  -0.060748  Q11s =  -0.142678
|Q2| =   0.172941  Q20  =  -0.143192  Q21c =  -0.008639  Q21s =   0.007068
                   Q22c =  -0.068408  Q22s =   0.067828

H          x =  0.745723  y = -2.133212  z =  0.017815 angstrom
           Maximum rank =  2   Radius =  0.350 angstrom
                   Q00  =   0.018550
|Q1| =   0.155651  Q10  =  -0.013414  Q11c =  -0.060748  Q11s =   0.142678
|Q2| =   0.172941  Q20  =  -0.143192  Q21c =  -0.008639  Q21s =  -0.007068
                   Q22c =  -0.068408  Q22s =  -0.067828

H          x = -1.713310  y = -2.142907  z =  0.015098 angstrom
           Maximum rank =  2   Radius =  0.350 angstrom
                   Q00  =   0.006649
|Q1| =   0.145663  Q10  =  -0.005844  Q11c =   0.076870  Q11s =   0.123590
|Q2| =   0.200918  Q20  =  -0.163622  Q21c =  -0.003745  Q21s =  -0.003209
                   Q22c =  -0.062970  Q22s =   0.098011

B          x =  2.592641  y =  0.000000  z = -0.038454 angstrom
           Maximum rank =  2   Radius =  0.650 angstrom
                   Q00  =  -0.078050
|Q1| =   0.169979  Q10  =  -0.007590  Q11c =  -0.169809
|Q2| =   0.273381  Q20  =  -0.147867  Q21c =   0.061701  Q22c =   0.221507

H          x =  3.041081  y =  1.009317  z =  0.505481 angstrom
           Maximum rank =  2   Radius =  0.350 angstrom
                   Q00  =  -0.155296
|Q1| =   0.296637  Q10  =  -0.117331  Q11c =  -0.178194  Q11s =  -0.206092
|Q2| =   0.212446  Q20  =  -0.110160  Q21c =   0.038204  Q21s =   0.164325
                   Q22c =  -0.062226  Q22s =   0.025765

H          x =  3.041081  y = -1.009317  z =  0.505481 angstrom
           Maximum rank =  2   Radius =  0.350 angstrom
                   Q00  =  -0.155296
|Q1| =   0.296637  Q10  =  -0.117331  Q11c =  -0.178194  Q11s =   0.206092
|Q2| =   0.212446  Q20  =  -0.110160  Q21c =   0.038204  Q21s =  -0.164325
                   Q22c =  -0.062226  Q22s =  -0.025765

H          x =  2.960844  y =  0.000000  z = -1.217213 angstrom
           Maximum rank =  2   Radius =  0.350 angstrom
                   Q00  =  -0.138694
|Q1| =   0.293684  Q10  =   0.240670  Q11c =  -0.168310
|Q2| =   0.202264  Q20  =   0.176523  Q21c =  -0.016748  Q22c =   0.097314

TOP(-1)    x =  0.000000  y =  0.000000  z = -1.000000 angstrom
           Maximum rank =  2   Radius =  0.650 angstrom
                   Q00  =  -0.927426
|Q1| =   0.246668  Q10  =  -0.241647  Q11c =  -0.049516
|Q2| =   0.469769  Q20  =   0.427085  Q21c =   0.194556  Q22c =  -0.020723

Total multipoles referred to origin at
           x =   0.000000,  y =    0.000000,  z =    0.000000 angstrom
                   Q00  =  -1.000021
|Q1| =   3.319227  Q10  =   0.055439  Q11c =  -3.318764
|Q2| =  21.137335  Q20  =   8.494610  Q21c =   0.535725  Q22c = -19.347907

CPU time used:      0m37.591s          Total:      0m37.591s

Finished at 09:27:45 on 15 Jan 2025 
