                                     G D M A
                                 by Anthony Stone

               Distributed Multipoles from Gaussian wavefunctions

                             version 2.3.3 (6b8e81e)
              Compiled with gfortran on 14 January 2024 at 08:13:23

Starting at 15:40:41 on 14 Jan 2025 


Using SCF density matrix from file C6H6.fchk


                         Distributed Multipole Analysis

Standard DMA for products of primitives with exponent greater than 4.00000
Using 80-point Euler-MacLaurin radial quadrature
Using 590-point Lebedev quadrature
Becke smoothing parameter = 3

Positions and radii in angstrom
Multipole moments in atomic units, ea_0^k for rank k

C          x =  1.204672  y =  0.695514  z =  0.000000 angstrom
           Maximum rank =  2   Radius =  0.650 angstrom
                   Q00  =   0.239029
|Q1| =   0.423071  Q11c =  -0.366390  Q11s =  -0.211535
|Q2| =   0.740179  Q20  =  -0.580875  Q22c =   0.229364  Q22s =   0.397293

C          x =  0.000000  y =  1.391026  z =  0.000000 angstrom
           Maximum rank =  2   Radius =  0.650 angstrom
                   Q00  =   0.239034
|Q1| =   0.423073  Q11s =  -0.423073
|Q2| =   0.740175  Q20  =  -0.580871  Q22c =  -0.458746

C          x = -1.204672  y =  0.695514  z =  0.000000 angstrom
           Maximum rank =  2   Radius =  0.650 angstrom
                   Q00  =   0.239029
|Q1| =   0.423071  Q11c =   0.366390  Q11s =  -0.211535
|Q2| =   0.740179  Q20  =  -0.580875  Q22c =   0.229364  Q22s =  -0.397293

C          x = -1.204672  y = -0.695514  z =  0.000000 angstrom
           Maximum rank =  2   Radius =  0.650 angstrom
                   Q00  =   0.239029
|Q1| =   0.423071  Q11c =   0.366390  Q11s =   0.211535
|Q2| =   0.740179  Q20  =  -0.580875  Q22c =   0.229364  Q22s =   0.397293

C          x =  0.000000  y = -1.391026  z =  0.000000 angstrom
           Maximum rank =  2   Radius =  0.650 angstrom
                   Q00  =   0.239034
|Q1| =   0.423073  Q11s =   0.423073
|Q2| =   0.740175  Q20  =  -0.580871  Q22c =  -0.458746

C          x =  1.204672  y = -0.695514  z =  0.000000 angstrom
           Maximum rank =  2   Radius =  0.650 angstrom
                   Q00  =   0.239029
|Q1| =   0.423071  Q11c =  -0.366390  Q11s =   0.211535
|Q2| =   0.740179  Q20  =  -0.580875  Q22c =   0.229364  Q22s =  -0.397293

H          x =  2.142538  y =  1.237000  z =  0.000000 angstrom
           Maximum rank =  2   Radius =  0.350 angstrom
                   Q00  =   0.045434
|Q1| =   0.120008  Q11c =  -0.103930  Q11s =  -0.060004
|Q2| =   0.187890  Q20  =  -0.141538  Q22c =   0.061783  Q22s =   0.107016

H          x =  0.000000  y =  2.473984  z =  0.000000 angstrom
           Maximum rank =  2   Radius =  0.350 angstrom
                   Q00  =   0.045433
|Q1| =   0.120008  Q11s =  -0.120008
|Q2| =   0.187890  Q20  =  -0.141539  Q22c =  -0.123569

H          x = -2.142538  y =  1.237000  z =  0.000000 angstrom
           Maximum rank =  2   Radius =  0.350 angstrom
                   Q00  =   0.045434
|Q1| =   0.120008  Q11c =   0.103930  Q11s =  -0.060004
|Q2| =   0.187890  Q20  =  -0.141538  Q22c =   0.061783  Q22s =  -0.107016

H          x = -2.142538  y = -1.237000  z =  0.000000 angstrom
           Maximum rank =  2   Radius =  0.350 angstrom
                   Q00  =   0.045434
|Q1| =   0.120008  Q11c =   0.103930  Q11s =   0.060004
|Q2| =   0.187890  Q20  =  -0.141538  Q22c =   0.061783  Q22s =   0.107016

H          x =  0.000000  y = -2.473984  z =  0.000000 angstrom
           Maximum rank =  2   Radius =  0.350 angstrom
                   Q00  =   0.045433
|Q1| =   0.120008  Q11s =   0.120008
|Q2| =   0.187890  Q20  =  -0.141539  Q22c =  -0.123569

H          x =  2.142538  y = -1.237000  z =  0.000000 angstrom
           Maximum rank =  2   Radius =  0.350 angstrom
                   Q00  =   0.045434
|Q1| =   0.120008  Q11c =  -0.103930  Q11s =   0.060004
|Q2| =   0.187890  Q20  =  -0.141538  Q22c =   0.061783  Q22s =  -0.107016

TOP(1)     x =  0.000000  y =  0.000000  z =  1.000000 angstrom
           Maximum rank =  2   Radius =  0.650 angstrom
                   Q00  =  -0.853395
|Q1| =   0.208403  Q10  =   0.208403
|Q2| =   0.503751  Q20  =   0.503751  Q22c =   0.000003

TOP(-1)    x =  0.000000  y =  0.000000  z = -1.000000 angstrom
           Maximum rank =  2   Radius =  0.650 angstrom
                   Q00  =  -0.853395
|Q1| =   0.208403  Q10  =  -0.208403
|Q2| =   0.503751  Q20  =   0.503751  Q22c =   0.000003

Total multipoles referred to origin at
           x =   0.000000,  y =    0.000000,  z =    0.000000 angstrom
                   Q00  =  -0.000005
|Q1| =   0.000000
|Q2| =   5.741886  Q20  =  -5.741886  Q22c =  -0.000020

CPU time used:      0m28.057s          Total:      0m28.057s

Finished at 15:41:09 on 14 Jan 2025 
