                                     G D M A
                                 by Anthony Stone

               Distributed Multipoles from Gaussian wavefunctions

                             version 2.3.3 (6b8e81e)
              Compiled with gfortran on 14 January 2024 at 08:13:23

Starting at 15:38:14 on 14 Jan 2025 


Using SCF density matrix from file C6H4-NH-2.fchk


                         Distributed Multipole Analysis

Standard DMA for products of primitives with exponent greater than 4.00000
Using 80-point Euler-MacLaurin radial quadrature
Using 590-point Lebedev quadrature
Becke smoothing parameter = 3

Positions and radii in angstrom
Multipole moments in atomic units, ea_0^k for rank k

C          x =  1.225505  y = -0.755652  z =  0.000000 angstrom
           Maximum rank =  2   Radius =  0.650 angstrom
                   Q00  =   0.258741
|Q1| =   0.381289  Q11c =  -0.300362  Q11s =   0.234870
|Q2| =   0.694000  Q20  =  -0.437675  Q22c =   0.312446  Q22s =  -0.438695

C          x =  1.225505  y =  0.710834  z =  0.000000 angstrom
           Maximum rank =  2   Radius =  0.650 angstrom
                   Q00  =   0.263362
|Q1| =   0.398871  Q11c =  -0.310652  Q11s =  -0.250187
|Q2| =   0.688687  Q20  =  -0.574989  Q22c =   0.295000  Q22s =   0.238016

C          x =  0.086072  y =  1.413890  z =  0.000000 angstrom
           Maximum rank =  2   Radius =  0.650 angstrom
                   Q00  =   0.239850
|Q1| =   0.413519  Q11c =  -0.052786  Q11s =  -0.410136
|Q2| =   0.704620  Q20  =  -0.595117  Q22c =  -0.377057  Q22s =  -0.012395

C          x = -1.225505  y =  0.755652  z =  0.000000 angstrom
           Maximum rank =  2   Radius =  0.650 angstrom
                   Q00  =   0.258741
|Q1| =   0.381289  Q11c =   0.300362  Q11s =  -0.234870
|Q2| =   0.694000  Q20  =  -0.437675  Q22c =   0.312446  Q22s =  -0.438695

C          x = -1.225505  y = -0.710834  z =  0.000000 angstrom
           Maximum rank =  2   Radius =  0.650 angstrom
                   Q00  =   0.263362
|Q1| =   0.398871  Q11c =   0.310652  Q11s =   0.250187
|Q2| =   0.688687  Q20  =  -0.574989  Q22c =   0.295000  Q22s =   0.238016

C          x = -0.086072  y = -1.413890  z =  0.000000 angstrom
           Maximum rank =  2   Radius =  0.650 angstrom
                   Q00  =   0.239850
|Q1| =   0.413519  Q11c =   0.052786  Q11s =   0.410136
|Q2| =   0.704620  Q20  =  -0.595117  Q22c =  -0.377057  Q22s =  -0.012395

N          x =  2.355555  y = -1.365230  z =  0.000000 angstrom
           Maximum rank =  2   Radius =  0.650 angstrom
                   Q00  =  -0.219134
|Q1| =   0.672489  Q11c =  -0.623723  Q11s =  -0.251419
|Q2| =   1.125268  Q20  =  -0.613841  Q22c =  -0.525960  Q22s =  -0.782812

H          x =  2.196829  y =  1.188664  z =  0.000000 angstrom
           Maximum rank =  2   Radius =  0.350 angstrom
                   Q00  =   0.075361
|Q1| =   0.108563  Q11c =  -0.085431  Q11s =  -0.066989
|Q2| =   0.171543  Q20  =  -0.137691  Q22c =   0.068876  Q22s =   0.075657

H          x =  0.099187  y =  2.498363  z =  0.000000 angstrom
           Maximum rank =  2   Radius =  0.350 angstrom
                   Q00  =   0.058659
|Q1| =   0.117809  Q11c =  -0.005801  Q11s =  -0.117666
|Q2| =   0.175314  Q20  =  -0.140997  Q22c =  -0.103931  Q22s =   0.007311

N          x = -2.355555  y =  1.365230  z =  0.000000 angstrom
           Maximum rank =  2   Radius =  0.650 angstrom
                   Q00  =  -0.219134
|Q1| =   0.672489  Q11c =   0.623723  Q11s =   0.251419
|Q2| =   1.125268  Q20  =  -0.613841  Q22c =  -0.525960  Q22s =  -0.782812

H          x = -2.196829  y = -1.188664  z =  0.000000 angstrom
           Maximum rank =  2   Radius =  0.350 angstrom
                   Q00  =   0.075361
|Q1| =   0.108563  Q11c =   0.085431  Q11s =   0.066989
|Q2| =   0.171543  Q20  =  -0.137691  Q22c =   0.068876  Q22s =   0.075657

H          x = -0.099187  y = -2.498363  z =  0.000000 angstrom
           Maximum rank =  2   Radius =  0.350 angstrom
                   Q00  =   0.058659
|Q1| =   0.117809  Q11c =   0.005801  Q11s =   0.117666
|Q2| =   0.175314  Q20  =  -0.140997  Q22c =  -0.103931  Q22s =   0.007311

H          x = -2.223361  y =  2.378383  z =  0.000000 angstrom
           Maximum rank =  2   Radius =  0.350 angstrom
                   Q00  =   0.101885
|Q1| =   0.076381  Q11c =   0.024951  Q11s =  -0.072190
|Q2| =   0.170760  Q20  =  -0.116942  Q22c =  -0.123238  Q22s =  -0.017203

H          x =  2.223361  y = -2.378383  z =  0.000000 angstrom
           Maximum rank =  2   Radius =  0.350 angstrom
                   Q00  =   0.101885
|Q1| =   0.076381  Q11c =  -0.024951  Q11s =   0.072190
|Q2| =   0.170760  Q20  =  -0.116942  Q22c =  -0.123238  Q22s =  -0.017203

TOP(1)     x =  0.000000  y =  0.000000  z =  1.000000 angstrom
           Maximum rank =  2   Radius =  0.650 angstrom
                   Q00  =  -0.778720
|Q1| =   0.229430  Q10  =   0.229430
|Q2| =   0.455795  Q20  =   0.421252  Q22c =   0.089098  Q22s =  -0.149524

TOP(-1)    x =  0.000000  y =  0.000000  z = -1.000000 angstrom
           Maximum rank =  2   Radius =  0.650 angstrom
                   Q00  =  -0.778720
|Q1| =   0.229430  Q10  =  -0.229430
|Q2| =   0.455795  Q20  =   0.421252  Q22c =   0.089098  Q22s =  -0.149524

Total multipoles referred to origin at
           x =   0.000000,  y =    0.000000,  z =    0.000000 angstrom
                   Q00  =   0.000005
|Q1| =   0.000000
|Q2| =  15.773730  Q20  =  -1.166313  Q22c = -15.385288  Q22s =   3.277680

CPU time used:      0m39.316s          Total:      0m39.316s

Finished at 15:38:53 on 14 Jan 2025 
