                                     G D M A
                                 by Anthony Stone

               Distributed Multipoles from Gaussian wavefunctions

                             version 2.3.3 (6b8e81e)
              Compiled with gfortran on 14 January 2024 at 08:13:23

Starting at 15:40:38 on 14 Jan 2025 


Using SCF density matrix from file C6H5NH2.fchk


                         Distributed Multipole Analysis

Standard DMA for products of primitives with exponent greater than 4.00000
Using 80-point Euler-MacLaurin radial quadrature
Using 590-point Lebedev quadrature
Becke smoothing parameter = 3

Positions and radii in angstrom
Multipole moments in atomic units, ea_0^k for rank k

C          x =  0.935371  y =  0.000000  z =  0.002383 angstrom
           Maximum rank =  2   Radius =  0.650 angstrom
                   Q00  =   0.553339
|Q1| =   0.572130  Q10  =   0.033720  Q11c =  -0.571136
|Q2| =   0.482739  Q20  =   0.103325  Q21c =   0.064753  Q22c =   0.467084

C          x =  0.219919  y =  1.203128  z =  0.003085 angstrom
           Maximum rank =  2   Radius =  0.650 angstrom
                   Q00  =   0.306445
|Q1| =   0.508483  Q10  =   0.011730  Q11c =  -0.106764  Q11s =  -0.497010
|Q2| =   0.585401  Q20  =  -0.447731  Q21c =   0.025945  Q21s =   0.011873
                   Q22c =  -0.285494  Q22s =   0.244767

C          x = -1.167709  y =  1.197740  z =  0.003085 angstrom
           Maximum rank =  2   Radius =  0.650 angstrom
                   Q00  =   0.125482
|Q1| =   0.299488  Q10  =   0.001203  Q11c =   0.195979  Q11s =  -0.226459
|Q2| =   0.920889  Q20  =  -0.845683  Q21c =   0.000418  Q21s =  -0.000128
                   Q22c =  -0.110120  Q22s =  -0.347461

C          x = -1.875006  y =  0.000000  z =  0.003271 angstrom
           Maximum rank =  2   Radius =  0.650 angstrom
                   Q00  =   0.043812
|Q1| =   0.245643  Q10  =   0.000635  Q11c =   0.245643
|Q2| =   1.102157  Q20  =  -1.046681  Q21c =   0.000876  Q22c =   0.345266

C          x = -1.167709  y = -1.197740  z =  0.003085 angstrom
           Maximum rank =  2   Radius =  0.650 angstrom
                   Q00  =   0.125482
|Q1| =   0.299488  Q10  =   0.001203  Q11c =   0.195979  Q11s =   0.226459
|Q2| =   0.920889  Q20  =  -0.845683  Q21c =   0.000418  Q21s =   0.000128
                   Q22c =  -0.110120  Q22s =   0.347461

C          x =  0.219919  y = -1.203128  z =  0.003085 angstrom
           Maximum rank =  2   Radius =  0.650 angstrom
                   Q00  =   0.306445
|Q1| =   0.508483  Q10  =   0.011730  Q11c =  -0.106764  Q11s =   0.497010
|Q2| =   0.585401  Q20  =  -0.447731  Q21c =   0.025945  Q21s =  -0.011873
                   Q22c =  -0.285494  Q22s =  -0.244767

N          x =  2.328112  y =  0.000000  z =  0.060463 angstrom
           Maximum rank =  2   Radius =  0.650 angstrom
                   Q00  =  -0.133476
|Q1| =   0.381555  Q10  =  -0.352943  Q11c =  -0.144966
|Q2| =   1.416122  Q20  =  -1.290868  Q21c =  -0.576581  Q22c =   0.081333

H          x =  0.758521  y =  2.144115  z =  0.007627 angstrom
           Maximum rank =  2   Radius =  0.350 angstrom
                   Q00  =   0.049140
|Q1| =   0.130247  Q10  =   0.002259  Q11c =  -0.054564  Q11s =  -0.118245
|Q2| =   0.174595  Q20  =  -0.144312  Q21c =   0.002024  Q21s =   0.002300
                   Q22c =  -0.051893  Q22s =   0.083397

H          x = -1.700175  y =  2.141046  z =  0.002115 angstrom
           Maximum rank =  2   Radius =  0.350 angstrom
                   Q00  =   0.041260
|Q1| =   0.119668  Q10  =   0.000375  Q11c =   0.061445  Q11s =  -0.102688
|Q2| =   0.191250  Q20  =  -0.147355  Q21c =   0.000021  Q21s =  -0.000044
                   Q22c =  -0.060951  Q22s =  -0.105584

H          x = -2.956867  y =  0.000000  z =  0.002545 angstrom
           Maximum rank =  2   Radius =  0.350 angstrom
                   Q00  =   0.034741
|Q1| =   0.119685  Q10  =   0.000101  Q11c =   0.119685
|Q2| =   0.205004  Q20  =  -0.160572  Q21c =   0.000285  Q22c =   0.127449

H          x = -1.700175  y = -2.141046  z =  0.002115 angstrom
           Maximum rank =  2   Radius =  0.350 angstrom
                   Q00  =   0.041260
|Q1| =   0.119668  Q10  =   0.000375  Q11c =   0.061445  Q11s =   0.102688
|Q2| =   0.191250  Q20  =  -0.147355  Q21c =   0.000021  Q21s =   0.000044
                   Q22c =  -0.060951  Q22s =   0.105584

H          x =  0.758521  y = -2.144115  z =  0.007627 angstrom
           Maximum rank =  2   Radius =  0.350 angstrom
                   Q00  =   0.049140
|Q1| =   0.130247  Q10  =   0.002259  Q11c =  -0.054564  Q11s =   0.118245
|Q2| =   0.174595  Q20  =  -0.144312  Q21c =   0.002024  Q21s =  -0.002300
                   Q22c =  -0.051893  Q22s =  -0.083397

H          x =  2.777337  y = -0.836616  z = -0.276620 angstrom
           Maximum rank =  2   Radius =  0.350 angstrom
                   Q00  =   0.117621
|Q1| =   0.070565  Q10  =   0.016187  Q11c =  -0.061487  Q11s =   0.030607
|Q2| =   0.198651  Q20  =  -0.132898  Q21c =  -0.062358  Q21s =   0.086211
                   Q22c =  -0.041983  Q22s =  -0.093364

H          x =  2.777337  y =  0.836616  z = -0.276620 angstrom
           Maximum rank =  2   Radius =  0.350 angstrom
                   Q00  =   0.117621
|Q1| =   0.070565  Q10  =   0.016187  Q11c =  -0.061487  Q11s =  -0.030607
|Q2| =   0.198651  Q20  =  -0.132898  Q21c =  -0.062358  Q21s =  -0.086211
                   Q22c =  -0.041983  Q22s =   0.093364

TOP(1)     x =  0.000000  y =  0.000000  z =  1.000000 angstrom
           Maximum rank =  2   Radius =  0.650 angstrom
                   Q00  =  -0.887166
|Q1| =   0.226468  Q10  =   0.226234  Q11c =  -0.010282
|Q2| =   0.491491  Q20  =   0.481288  Q21c =  -0.041323  Q22c =   0.090652

TOP(-1)    x =  0.000000  y =  0.000000  z = -1.000000 angstrom
           Maximum rank =  2   Radius =  0.650 angstrom
                   Q00  =  -0.891159
|Q1| =   0.220545  Q10  =  -0.219443  Q11c =  -0.022018
|Q2| =   0.505271  Q20  =   0.493951  Q21c =   0.060712  Q22c =   0.087319

Total multipoles referred to origin at
           x =   0.000000,  y =    0.000000,  z =    0.000000 angstrom
                   Q00  =  -0.000012
|Q1| =   0.653257  Q10  =  -0.369153  Q11c =   0.538953
|Q2| =   8.908411  Q20  =  -7.888815  Q21c =  -3.952141  Q22c =   1.227589

CPU time used:      0m37.877s          Total:      0m37.877s

Finished at 15:41:16 on 14 Jan 2025 
