                                     G D M A
                                 by Anthony Stone

               Distributed Multipoles from Gaussian wavefunctions

                             version 2.3.3 (6b8e81e)
              Compiled with gfortran on 14 January 2024 at 08:13:23

Starting at 08:17:48 on 16 Jan 2025 


Using SCF density matrix from file C6H5OH2+.fchk


                         Distributed Multipole Analysis

Standard DMA for products of primitives with exponent greater than 4.00000
Using 80-point Euler-MacLaurin radial quadrature
Using 590-point Lebedev quadrature
Becke smoothing parameter = 3

Positions and radii in angstrom
Multipole moments in atomic units, ea_0^k for rank k

C          x =  1.895461  y =  0.021714  z = -0.000001 angstrom
           Maximum rank =  2   Radius =  0.650 angstrom
                   Q00  =   0.064306
|Q1| =   0.143282  Q10  =   0.081868  Q11c =  -0.117582  Q11s =  -0.001412
|Q2| =   0.982332  Q20  =  -0.937428  Q21c =  -0.216265  Q21s =  -0.002569
                   Q22c =   0.198486  Q22s =   0.005495

C          x =  1.227220  y = -1.198379  z =  0.000002 angstrom
           Maximum rank =  2   Radius =  0.650 angstrom
                   Q00  =   0.084539
|Q1| =   0.191767  Q10  =   0.115729  Q11c =  -0.105850  Q11s =   0.110350
|Q2| =   0.974100  Q20  =  -0.908770  Q21c =  -0.183099  Q21s =   0.201333
                   Q22c =  -0.054889  Q22s =  -0.214323

C          x = -0.165537  y = -1.236688  z = -0.000001 angstrom
           Maximum rank =  2   Radius =  0.650 angstrom
                   Q00  =   0.173913
|Q1| =   0.381133  Q10  =   0.267799  Q11c =   0.036287  Q11s =   0.268755
|Q2| =   0.899429  Q20  =  -0.749082  Q21c =   0.090525  Q21s =   0.421149
                   Q22c =  -0.191850  Q22s =   0.159629

C          x = -0.799961  y = -0.018808  z =  0.000000 angstrom
           Maximum rank =  2   Radius =  0.650 angstrom
                   Q00  =   0.387174
|Q1| =   0.598931  Q10  =   0.542783  Q11c =   0.252621  Q11s =  -0.016990
|Q2| =   0.796068  Q20  =  -0.472958  Q21c =   0.579493  Q21s =   0.019717
                   Q22c =   0.266202  Q22s =   0.054494

C          x = -0.200860  y =  1.219403  z =  0.000002 angstrom
           Maximum rank =  2   Radius =  0.650 angstrom
                   Q00  =   0.158518
|Q1| =   0.395933  Q10  =   0.277751  Q11c =   0.070195  Q11s =  -0.273295
|Q2| =   0.929521  Q20  =  -0.771133  Q21c =   0.098594  Q21s =  -0.425004
                   Q22c =  -0.232002  Q22s =  -0.158707

C          x =  1.191776  y =  1.222650  z = -0.000001 angstrom
           Maximum rank =  2   Radius =  0.650 angstrom
                   Q00  =   0.083837
|Q1| =   0.195235  Q10  =   0.117894  Q11c =  -0.102872  Q11s =  -0.116768
|Q2| =   0.979943  Q20  =  -0.912811  Q21c =  -0.180777  Q21s =  -0.207790
                   Q22c =  -0.065041  Q22s =   0.216742

H          x =  2.976977  y =  0.038191  z = -0.000003 angstrom
           Maximum rank =  2   Radius =  0.350 angstrom
                   Q00  =   0.073695
|Q1| =   0.086264  Q10  =   0.003039  Q11c =  -0.086197  Q11s =  -0.001523
|Q2| =   0.195586  Q20  =  -0.145571  Q21c =  -0.002115  Q21s =  -0.000008
                   Q22c =   0.130554  Q22s =   0.003740

H          x =  1.781347  y = -2.126972  z = -0.000001 angstrom
           Maximum rank =  2   Radius =  0.350 angstrom
                   Q00  =   0.076538
|Q1| =   0.085779  Q10  =   0.004154  Q11c =  -0.043760  Q11s =   0.073660
|Q2| =   0.195179  Q20  =  -0.145916  Q21c =  -0.002908  Q21s =   0.001560
                   Q22c =  -0.058983  Q22s =  -0.115385

H          x = -0.715510  y = -2.167331  z =  0.000000 angstrom
           Maximum rank =  2   Radius =  0.350 angstrom
                   Q00  =   0.095105
|Q1| =   0.084296  Q10  =   0.008101  Q11c =   0.033836  Q11s =   0.076781
|Q2| =   0.183767  Q20  =  -0.148051  Q21c =   0.001433  Q21s =   0.005737
                   Q22c =  -0.051995  Q22s =   0.095462

H          x = -0.766594  y =  2.142204  z =  0.000006 angstrom
           Maximum rank =  2   Radius =  0.350 angstrom
                   Q00  =   0.083041
|Q1| =   0.093029  Q10  =   0.008519  Q11c =   0.050490  Q11s =  -0.077670
|Q2| =   0.186744  Q20  =  -0.149038  Q21c =   0.001192  Q21s =  -0.005934
                   Q22c =  -0.062016  Q22s =  -0.093694

H          x =  1.718397  y =  2.167080  z =  0.000000 angstrom
           Maximum rank =  2   Radius =  0.350 angstrom
                   Q00  =   0.075943
|Q1| =   0.086221  Q10  =   0.004223  Q11c =  -0.041117  Q11s =  -0.075668
|Q2| =   0.195388  Q20  =  -0.145959  Q21c =  -0.002941  Q21s =  -0.001647
                   Q22c =  -0.065448  Q22s =   0.112149

O          x = -2.303861  y = -0.082481  z = -0.000002 angstrom
           Maximum rank =  2   Radius =  0.650 angstrom
                   Q00  =  -0.023819
|Q1| =   0.246840  Q10  =   0.013986  Q11c =  -0.031455  Q11s =   0.244428
|Q2| =   1.008390  Q20  =   0.526656  Q21c =   0.047445  Q21s =  -0.003816
                   Q22c =   0.770374  Q22s =  -0.379134

H          x = -2.726169  y =  0.273654  z =  0.804776 angstrom
           Maximum rank =  2   Radius =  0.350 angstrom
                   Q00  =   0.293376
|Q1| =   0.036486  Q10  =   0.031116  Q11c =   0.018956  Q11s =   0.001920
|Q2| =   0.137505  Q20  =   0.076338  Q21c =  -0.071980  Q21s =   0.060896
                   Q22c =   0.048528  Q22s =  -0.042844

H          x = -2.726162  y =  0.273680  z = -0.804773 angstrom
           Maximum rank =  2   Radius =  0.350 angstrom
                   Q00  =   0.290498
|Q1| =   0.031706  Q10  =  -0.028046  Q11c =   0.014557  Q11s =   0.002604
|Q2| =   0.140566  Q20  =   0.076229  Q21c =   0.079581  Q21s =  -0.061119
                   Q22c =   0.045270  Q22s =  -0.042778

TOP(1)     x =  0.000000  y =  0.000000  z =  1.000000 angstrom
           Maximum rank =  2   Radius =  0.650 angstrom
                   Q00  =  -0.916664
|Q1| =   0.280641  Q10  =   0.278947  Q11c =   0.030389  Q11s =  -0.004958
|Q2| =   0.470512  Q20  =   0.454237  Q21c =   0.101663  Q21s =  -0.005920
                   Q22c =   0.067267  Q22s =   0.012442

Total multipoles referred to origin at
           x =   0.000000,  y =    0.000000,  z =    0.000000 angstrom
                   Q00  =   0.999999
|Q1| =   2.378060  Q10  =  -0.000002  Q11c =  -2.340464  Q11s =   0.421186
|Q2| =  20.982838  Q20  = -14.914999  Q21c =  -0.000059  Q21s =  -0.000070
                   Q22c =  14.034038  Q22s =  -4.568156

CPU time used:      0m31.837s          Total:      0m31.837s

Finished at 08:18:19 on 16 Jan 2025 
