                                     G D M A
                                 by Anthony Stone

               Distributed Multipoles from Gaussian wavefunctions

                             version 2.3.3 (6b8e81e)
              Compiled with gfortran on 14 January 2024 at 08:13:23

Starting at 15:38:14 on 14 Jan 2025 


Using SCF density matrix from file C6H4-OH-2.fchk


                         Distributed Multipole Analysis

Standard DMA for products of primitives with exponent greater than 4.00000
Using 80-point Euler-MacLaurin radial quadrature
Using 590-point Lebedev quadrature
Becke smoothing parameter = 3

Positions and radii in angstrom
Multipole moments in atomic units, ea_0^k for rank k

C          x =  1.207202  y = -0.700658  z =  0.000000 angstrom
           Maximum rank =  2   Radius =  0.650 angstrom
                   Q00  =   0.316964
|Q1| =   0.308250  Q11c =  -0.245250  Q11s =   0.186738
|Q2| =   0.663260  Q20  =  -0.483658  Q22c =   0.278737  Q22s =  -0.358182

C          x =  1.207202  y =  0.689471  z =  0.000000 angstrom
           Maximum rank =  2   Radius =  0.650 angstrom
                   Q00  =   0.244971
|Q1| =   0.420452  Q11c =  -0.334261  Q11s =  -0.255049
|Q2| =   0.749565  Q20  =  -0.649164  Q22c =   0.251986  Q22s =   0.277374

C          x =  0.005096  y =  1.385329  z =  0.000000 angstrom
           Maximum rank =  2   Radius =  0.650 angstrom
                   Q00  =   0.225999
|Q1| =   0.442599  Q11c =  -0.019353  Q11s =  -0.442176
|Q2| =   0.756785  Q20  =  -0.654177  Q22c =  -0.380127  Q22s =   0.016744

C          x = -1.207202  y =  0.700658  z =  0.000000 angstrom
           Maximum rank =  2   Radius =  0.650 angstrom
                   Q00  =   0.316964
|Q1| =   0.308250  Q11c =   0.245250  Q11s =  -0.186738
|Q2| =   0.663260  Q20  =  -0.483658  Q22c =   0.278737  Q22s =  -0.358182

C          x = -1.207202  y = -0.689471  z =  0.000000 angstrom
           Maximum rank =  2   Radius =  0.650 angstrom
                   Q00  =   0.244971
|Q1| =   0.420452  Q11c =   0.334261  Q11s =   0.255049
|Q2| =   0.749565  Q20  =  -0.649164  Q22c =   0.251986  Q22s =   0.277374

C          x = -0.005096  y = -1.385329  z =  0.000000 angstrom
           Maximum rank =  2   Radius =  0.650 angstrom
                   Q00  =   0.225999
|Q1| =   0.442599  Q11c =   0.019353  Q11s =   0.442176
|Q2| =   0.756785  Q20  =  -0.654177  Q22c =  -0.380127  Q22s =   0.016744

O          x =  2.421583  y = -1.338130  z =  0.000000 angstrom
           Maximum rank =  2   Radius =  0.650 angstrom
                   Q00  =  -0.255644
|Q1| =   0.473205  Q11c =  -0.418543  Q11s =  -0.220782
|Q2| =   1.070589  Q20  =  -0.871777  Q22c =  -0.350052  Q22s =  -0.513448

H          x =  2.151547  y =  1.217361  z =  0.000000 angstrom
           Maximum rank =  2   Radius =  0.350 angstrom
                   Q00  =   0.067273
|Q1| =   0.113690  Q11c =  -0.086625  Q11s =  -0.073631
|Q2| =   0.179311  Q20  =  -0.149900  Q22c =   0.063750  Q22s =   0.074955

H          x =  0.015386  y =  2.470050  z =  0.000000 angstrom
           Maximum rank =  2   Radius =  0.350 angstrom
                   Q00  =   0.050061
|Q1| =   0.124584  Q11c =  -0.002806  Q11s =  -0.124552
|Q2| =   0.181181  Q20  =  -0.151463  Q22c =  -0.099327  Q22s =   0.004449

O          x = -2.421583  y =  1.338130  z =  0.000000 angstrom
           Maximum rank =  2   Radius =  0.650 angstrom
                   Q00  =  -0.255644
|Q1| =   0.473205  Q11c =   0.418543  Q11s =   0.220782
|Q2| =   1.070589  Q20  =  -0.871777  Q22c =  -0.350052  Q22s =  -0.513448

H          x = -2.151547  y = -1.217361  z =  0.000000 angstrom
           Maximum rank =  2   Radius =  0.350 angstrom
                   Q00  =   0.067273
|Q1| =   0.113690  Q11c =   0.086625  Q11s =   0.073631
|Q2| =   0.179311  Q20  =  -0.149900  Q22c =   0.063750  Q22s =   0.074955

H          x = -0.015386  y = -2.470050  z =  0.000000 angstrom
           Maximum rank =  2   Radius =  0.350 angstrom
                   Q00  =   0.050061
|Q1| =   0.124584  Q11c =   0.002806  Q11s =   0.124552
|Q2| =   0.181181  Q20  =  -0.151463  Q22c =  -0.099327  Q22s =   0.004449

H          x = -2.285220  y =  2.291683  z =  0.000000 angstrom
           Maximum rank =  2   Radius =  0.350 angstrom
                   Q00  =   0.189894
|Q1| =   0.036352  Q11c =   0.020532  Q11s =  -0.029999
|Q2| =   0.156389  Q20  =  -0.115902  Q22c =  -0.103678  Q22s =  -0.016581

H          x =  2.285220  y = -2.291683  z =  0.000000 angstrom
           Maximum rank =  2   Radius =  0.350 angstrom
                   Q00  =   0.189894
|Q1| =   0.036352  Q11c =  -0.020532  Q11s =   0.029999
|Q2| =   0.156389  Q20  =  -0.115902  Q22c =  -0.103678  Q22s =  -0.016581

TOP(1)     x =  0.000000  y =  0.000000  z =  1.000000 angstrom
           Maximum rank =  2   Radius =  0.650 angstrom
                   Q00  =  -0.839517
|Q1| =   0.211043  Q10  =   0.211043
|Q2| =   0.484539  Q20  =   0.473743  Q22c =   0.058583  Q22s =  -0.083147

TOP(-1)    x =  0.000000  y =  0.000000  z = -1.000000 angstrom
           Maximum rank =  2   Radius =  0.650 angstrom
                   Q00  =  -0.839517
|Q1| =   0.211043  Q10  =  -0.211043
|Q2| =   0.484539  Q20  =   0.473743  Q22c =   0.058583  Q22s =  -0.083147

Total multipoles referred to origin at
           x =   0.000000,  y =    0.000000,  z =    0.000000 angstrom
                   Q00  =   0.000002
|Q1| =   0.000000
|Q2| =  14.501858  Q20  =  -6.247644  Q22c = -12.523975  Q22s =  -3.797483

CPU time used:      0m41.350s          Total:      0m41.350s

Finished at 15:38:55 on 14 Jan 2025 
