                                     G D M A
                                 by Anthony Stone

               Distributed Multipoles from Gaussian wavefunctions

                             version 2.3.3 (6b8e81e)
              Compiled with gfortran on 14 January 2024 at 08:13:23

Starting at 09:26:36 on 15 Jan 2025 


Using SCF density matrix from file C6H4O2.fchk


                         Distributed Multipole Analysis

Standard DMA for products of primitives with exponent greater than 4.00000
Using 80-point Euler-MacLaurin radial quadrature
Using 590-point Lebedev quadrature
Becke smoothing parameter = 3

Positions and radii in angstrom
Multipole moments in atomic units, ea_0^k for rank k

C          x =  0.000000  y =  1.438994  z =  0.000000 angstrom
           Maximum rank =  2   Radius =  0.650 angstrom
                   Q00  =   0.278925
|Q1| =   0.211911  Q10  =   0.172640  Q11s =  -0.122890
|Q2| =   0.693895  Q20  =  -0.434976  Q21s =  -0.376772  Q22c =  -0.387722

C          x =  1.265870  y =  0.668026  z =  0.000000 angstrom
           Maximum rank =  2   Radius =  0.650 angstrom
                   Q00  =   0.142373
|Q1| =   0.297883  Q10  =   0.201863  Q11c =  -0.214955  Q11s =  -0.042192
|Q2| =   0.957614  Q20  =  -0.834464  Q21c =  -0.346579  Q21s =  -0.209060
                   Q22c =  -0.026517  Q22s =   0.236994

C          x =  1.265870  y = -0.668026  z =  0.000000 angstrom
           Maximum rank =  2   Radius =  0.650 angstrom
                   Q00  =   0.142373
|Q1| =   0.297883  Q10  =   0.201863  Q11c =  -0.214955  Q11s =   0.042192
|Q2| =   0.957614  Q20  =  -0.834464  Q21c =  -0.346579  Q21s =   0.209060
                   Q22c =  -0.026517  Q22s =  -0.236994

C          x =  0.000000  y = -1.438994  z =  0.000000 angstrom
           Maximum rank =  2   Radius =  0.650 angstrom
                   Q00  =   0.278925
|Q1| =   0.211911  Q10  =   0.172640  Q11s =   0.122890
|Q2| =   0.693895  Q20  =  -0.434976  Q21s =   0.376772  Q22c =  -0.387722

C          x = -1.265870  y = -0.668026  z =  0.000000 angstrom
           Maximum rank =  2   Radius =  0.650 angstrom
                   Q00  =   0.142373
|Q1| =   0.297883  Q10  =   0.201863  Q11c =   0.214955  Q11s =   0.042192
|Q2| =   0.957614  Q20  =  -0.834464  Q21c =   0.346579  Q21s =   0.209060
                   Q22c =  -0.026517  Q22s =   0.236994

C          x = -1.265870  y =  0.668026  z =  0.000000 angstrom
           Maximum rank =  2   Radius =  0.650 angstrom
                   Q00  =   0.142373
|Q1| =   0.297883  Q10  =   0.201863  Q11c =   0.214955  Q11s =  -0.042192
|Q2| =   0.957614  Q20  =  -0.834464  Q21c =   0.346579  Q21s =  -0.209060
                   Q22c =  -0.026517  Q22s =  -0.236994

H          x =  2.176967  y =  1.253741  z =  0.000000 angstrom
           Maximum rank =  2   Radius =  0.350 angstrom
                   Q00  =   0.075805
|Q1| =   0.100803  Q10  =   0.005775  Q11c =  -0.094492  Q11s =  -0.034627
|Q2| =   0.180351  Q20  =  -0.146217  Q21c =  -0.002808  Q21s =  -0.003244
                   Q22c =   0.033253  Q22s =   0.100115

H          x =  2.176967  y = -1.253741  z =  0.000000 angstrom
           Maximum rank =  2   Radius =  0.350 angstrom
                   Q00  =   0.075805
|Q1| =   0.100803  Q10  =   0.005775  Q11c =  -0.094492  Q11s =   0.034627
|Q2| =   0.180351  Q20  =  -0.146217  Q21c =  -0.002808  Q21s =   0.003244
                   Q22c =   0.033253  Q22s =  -0.100115

H          x = -2.176967  y = -1.253741  z =  0.000000 angstrom
           Maximum rank =  2   Radius =  0.350 angstrom
                   Q00  =   0.075805
|Q1| =   0.100803  Q10  =   0.005775  Q11c =   0.094492  Q11s =   0.034627
|Q2| =   0.180351  Q20  =  -0.146217  Q21c =   0.002808  Q21s =   0.003244
                   Q22c =   0.033253  Q22s =   0.100115

H          x = -2.176967  y =  1.253741  z =  0.000000 angstrom
           Maximum rank =  2   Radius =  0.350 angstrom
                   Q00  =   0.075805
|Q1| =   0.100803  Q10  =   0.005775  Q11c =   0.094492  Q11s =  -0.034627
|Q2| =   0.180351  Q20  =  -0.146217  Q21c =   0.002808  Q21s =  -0.003244
                   Q22c =   0.033253  Q22s =  -0.100115

O          x =  0.000000  y = -2.656661  z =  0.000000 angstrom
           Maximum rank =  2   Radius =  0.650 angstrom
                   Q00  =  -0.319567
|Q1| =   0.444121  Q10  =   0.009376  Q11s =   0.444022
|Q2| =   0.980279  Q20  =  -0.101463  Q21s =   0.023327  Q22c =  -0.974735

O          x =  0.000000  y =  2.656661  z =  0.000000 angstrom
           Maximum rank =  2   Radius =  0.650 angstrom
                   Q00  =  -0.319567
|Q1| =   0.444121  Q10  =   0.009376  Q11s =  -0.444022
|Q2| =   0.980279  Q20  =  -0.101463  Q21s =  -0.023327  Q22c =  -0.974735

TOP(1)     x =  0.000000  y =  0.000000  z =  1.000000 angstrom
           Maximum rank =  2   Radius =  0.650 angstrom
                   Q00  =  -0.791431
|Q1| =   0.301006  Q10  =   0.301006
|Q2| =   0.364790  Q20  =   0.298914  Q22c =  -0.209098

Total multipoles referred to origin at
           x =   0.000000,  y =    0.000000,  z =    0.000000 angstrom
                   Q00  =  -0.000003
|Q1| =   0.000001  Q10  =  -0.000001
|Q2| =  16.392322  Q20  =   3.386048  Q22c =  16.038794

CPU time used:      0m29.879s          Total:      0m29.879s

Finished at 09:27:06 on 15 Jan 2025 
