                                     G D M A
                                 by Anthony Stone

               Distributed Multipoles from Gaussian wavefunctions

                             version 2.3.3 (6b8e81e)
              Compiled with gfortran on 14 January 2024 at 08:13:23

Starting at 13:07:08 on 15 Jan 2025 


Using SCF density matrix from file C6H4-CH3-2.fchk


                         Distributed Multipole Analysis

Standard DMA for products of primitives with exponent greater than 4.00000
Using 80-point Euler-MacLaurin radial quadrature
Using 590-point Lebedev quadrature
Becke smoothing parameter = 3

Positions and radii in angstrom
Multipole moments in atomic units, ea_0^k for rank k

C          x =  1.417340  y =  0.002481  z = -0.010913 angstrom
           Maximum rank =  2   Radius =  0.650 angstrom
                   Q00  =   0.312530
|Q1| =   0.751253  Q10  =  -0.001148  Q11c =  -0.751252  Q11s =   0.000958
|Q2| =   0.770556  Q20  =  -0.535138  Q21c =   0.000271  Q21s =   0.000931
                   Q22c =   0.554398  Q22s =   0.005201

C          x =  0.693898  y = -1.191842  z = -0.006209 angstrom
           Maximum rank =  2   Radius =  0.650 angstrom
                   Q00  =   0.413544
|Q1| =   0.717646  Q10  =   0.003499  Q11c =  -0.347987  Q11s =   0.627621
|Q2| =   0.806263  Q20  =  -0.583971  Q21c =   0.006415  Q21s =  -0.002939
                   Q22c =  -0.281973  Q22s =  -0.479040

C          x = -0.693898  y = -1.191842  z =  0.006209 angstrom
           Maximum rank =  2   Radius =  0.650 angstrom
                   Q00  =   0.413544
|Q1| =   0.717646  Q10  =  -0.003499  Q11c =   0.347987  Q11s =   0.627621
|Q2| =   0.806263  Q20  =  -0.583971  Q21c =   0.006415  Q21s =   0.002939
                   Q22c =  -0.281973  Q22s =   0.479040

C          x = -1.417340  y =  0.002481  z =  0.010913 angstrom
           Maximum rank =  2   Radius =  0.650 angstrom
                   Q00  =   0.312530
|Q1| =   0.751253  Q10  =   0.001148  Q11c =   0.751252  Q11s =   0.000958
|Q2| =   0.770556  Q20  =  -0.535138  Q21c =   0.000271  Q21s =  -0.000931
                   Q22c =   0.554398  Q22s =  -0.005201

C          x = -0.695480  y =  1.194108  z =  0.006161 angstrom
           Maximum rank =  2   Radius =  0.650 angstrom
                   Q00  =   0.410317
|Q1| =   0.717712  Q10  =  -0.003872  Q11c =   0.351112  Q11s =  -0.625952
|Q2| =   0.803929  Q20  =  -0.581331  Q21c =   0.008602  Q21s =  -0.003416
                   Q22c =  -0.289669  Q22s =  -0.473669

C          x =  0.695480  y =  1.194108  z = -0.006161 angstrom
           Maximum rank =  2   Radius =  0.650 angstrom
                   Q00  =   0.410317
|Q1| =   0.717712  Q10  =   0.003872  Q11c =  -0.351112  Q11s =  -0.625952
|Q2| =   0.803929  Q20  =  -0.581331  Q21c =   0.008602  Q21s =   0.003416
                   Q22c =  -0.289669  Q22s =   0.473669

H          x =  1.225450  y = -2.137096  z = -0.011084 angstrom
           Maximum rank =  2   Radius =  0.350 angstrom
                   Q00  =   0.065154
|Q1| =   0.138595  Q10  =   0.001256  Q11c =  -0.063141  Q11s =   0.123370
|Q2| =   0.146117  Q20  =  -0.113042  Q21c =   0.001175  Q21s =   0.001061
                   Q22c =  -0.051265  Q22s =  -0.077078

H          x = -1.225450  y = -2.137096  z =  0.011084 angstrom
           Maximum rank =  2   Radius =  0.350 angstrom
                   Q00  =   0.065154
|Q1| =   0.138595  Q10  =  -0.001256  Q11c =   0.063141  Q11s =   0.123370
|Q2| =   0.146117  Q20  =  -0.113042  Q21c =   0.001175  Q21s =  -0.001061
                   Q22c =  -0.051265  Q22s =   0.077078

H          x = -1.226619  y =  2.139324  z =  0.010860 angstrom
           Maximum rank =  2   Radius =  0.350 angstrom
                   Q00  =   0.063273
|Q1| =   0.139735  Q10  =  -0.000816  Q11c =   0.065599  Q11s =  -0.123377
|Q2| =   0.147347  Q20  =  -0.112916  Q21c =  -0.000675  Q21s =   0.000963
                   Q22c =  -0.053956  Q22s =  -0.077771

H          x =  1.226619  y =  2.139324  z = -0.010860 angstrom
           Maximum rank =  2   Radius =  0.350 angstrom
                   Q00  =   0.063273
|Q1| =   0.139735  Q10  =   0.000816  Q11c =  -0.065599  Q11s =  -0.123377
|Q2| =   0.147347  Q20  =  -0.112916  Q21c =  -0.000675  Q21s =  -0.000963
                   Q22c =  -0.053956  Q22s =   0.077771

C          x =  2.923736  y = -0.002343  z =  0.006161 angstrom
           Maximum rank =  2   Radius =  0.650 angstrom
                   Q00  =   0.057380
|Q1| =   0.095161  Q10  =  -0.004630  Q11c =  -0.094964  Q11s =   0.003996
|Q2| =   0.240474  Q20  =  -0.109964  Q21c =  -0.001349  Q21s =   0.000069
                   Q22c =   0.213852  Q22s =   0.000847

C          x = -2.923736  y = -0.002343  z = -0.006161 angstrom
           Maximum rank =  2   Radius =  0.650 angstrom
                   Q00  =   0.057380
|Q1| =   0.095161  Q10  =   0.004630  Q11c =   0.094964  Q11s =   0.003996
|Q2| =   0.240474  Q20  =  -0.109964  Q21c =  -0.001349  Q21s =  -0.000069
                   Q22c =   0.213852  Q22s =  -0.000847

H          x =  3.327264  y = -0.782694  z = -0.641891 angstrom
           Maximum rank =  2   Radius =  0.350 angstrom
                   Q00  =   0.031670
|Q1| =   0.136280  Q10  =   0.055407  Q11c =  -0.102289  Q11s =   0.070988
|Q2| =   0.168424  Q20  =  -0.014973  Q21c =  -0.049674  Q21s =   0.149092
                   Q22c =  -0.023194  Q22s =  -0.053932

H          x =  3.327848  y =  0.954699  z = -0.325860 angstrom
           Maximum rank =  2   Radius =  0.350 angstrom
                   Q00  =   0.029562
|Q1| =   0.136171  Q10  =   0.028146  Q11c =  -0.101389  Q11s =  -0.086433
|Q2| =   0.169988  Q20  =  -0.098918  Q21c =  -0.027181  Q21s =  -0.095090
                   Q22c =  -0.067911  Q22s =   0.068689

H          x =  3.306998  y = -0.188649  z =  1.013771 angstrom
           Maximum rank =  2   Radius =  0.350 angstrom
                   Q00  =   0.035928
|Q1| =   0.135659  Q10  =  -0.087822  Q11c =  -0.101931  Q11s =   0.017344
|Q2| =   0.169396  Q20  =   0.135939  Q21c =   0.064041  Q21s =  -0.052851
                   Q22c =   0.056504  Q22s =  -0.011329

H          x = -3.327264  y = -0.782694  z =  0.641891 angstrom
           Maximum rank =  2   Radius =  0.350 angstrom
                   Q00  =   0.031670
|Q1| =   0.136280  Q10  =  -0.055407  Q11c =   0.102289  Q11s =   0.070988
|Q2| =   0.168424  Q20  =  -0.014973  Q21c =  -0.049674  Q21s =  -0.149092
                   Q22c =  -0.023194  Q22s =   0.053932

H          x = -3.327848  y =  0.954699  z =  0.325860 angstrom
           Maximum rank =  2   Radius =  0.350 angstrom
                   Q00  =   0.029562
|Q1| =   0.136171  Q10  =  -0.028146  Q11c =   0.101389  Q11s =  -0.086433
|Q2| =   0.169988  Q20  =  -0.098918  Q21c =  -0.027181  Q21s =   0.095090
                   Q22c =  -0.067911  Q22s =  -0.068689

H          x = -3.306998  y = -0.188649  z = -1.013771 angstrom
           Maximum rank =  2   Radius =  0.350 angstrom
                   Q00  =   0.035928
|Q1| =   0.135659  Q10  =   0.087822  Q11c =   0.101931  Q11s =   0.017344
|Q2| =   0.169396  Q20  =   0.135939  Q21c =   0.064041  Q21s =   0.052851
                   Q22c =   0.056504  Q22s =   0.011329

TOP(2)     x =  0.000000  y =  0.000000  z =  2.000000 angstrom
           Maximum rank =  2   Radius =  0.650 angstrom
                   Q00  =  -0.101337
|Q1| =   0.024820  Q10  =   0.024815  Q11c =   0.000154  Q11s =   0.000436
|Q2| =   0.327587  Q20  =   0.327563  Q21c =  -0.003102  Q21s =   0.000353
                   Q22c =   0.002452  Q22s =  -0.000026

TOP(1)     x =  0.000000  y =  0.000000  z =  1.000000 angstrom
           Maximum rank =  2   Radius =  0.650 angstrom
                   Q00  =  -0.432253
|Q1| =   0.056161  Q10  =  -0.055997  Q11c =   0.004276  Q11s =   0.000333
|Q2| =   0.679467  Q20  =   0.678623  Q21c =   0.002719  Q21s =   0.000040
                   Q22c =   0.033737  Q22s =   0.000083

TOP(ao)    x =  0.000000  y =  0.000000  z =  0.529000 angstrom
           Maximum rank =  2   Radius =  0.650 angstrom
                   Q00  =  -0.564525
|Q1| =   0.010868  Q10  =   0.010861  Q11c =  -0.000261  Q11s =   0.000290
|Q2| =   0.524724  Q20  =   0.524720  Q21c =   0.000349  Q21s =   0.000065
                   Q22c =   0.002125  Q22s =   0.000003

TOP(0)     x =  0.000000  y =  0.000000  z =  0.000000 angstrom
           Maximum rank =  2   Radius =  0.650 angstrom
                   Q00  =  -0.642466
|Q1| =   0.000041  Q11s =   0.000041
|Q2| =   0.447118  Q20  =   0.447064  Q21c =  -0.000773  Q22c =  -0.006888

TOP(-a0)   x =  0.000000  y =  0.000000  z = -0.529000 angstrom
           Maximum rank =  2   Radius =  0.650 angstrom
                   Q00  =  -0.564525
|Q1| =   0.010868  Q10  =  -0.010861  Q11c =   0.000261  Q11s =   0.000290
|Q2| =   0.524724  Q20  =   0.524720  Q21c =   0.000349  Q21s =  -0.000065
                   Q22c =   0.002125  Q22s =  -0.000003

TOP(-1)    x =  0.000000  y =  0.000000  z = -1.000000 angstrom
           Maximum rank =  2   Radius =  0.650 angstrom
                   Q00  =  -0.432253
|Q1| =   0.056161  Q10  =   0.055997  Q11c =  -0.004276  Q11s =   0.000333
|Q2| =   0.679467  Q20  =   0.678623  Q21c =   0.002719  Q21s =  -0.000040
                   Q22c =   0.033737  Q22s =  -0.000083

TOP(-2)    x =  0.000000  y =  0.000000  z = -2.000000 angstrom
           Maximum rank =  2   Radius =  0.650 angstrom
                   Q00  =  -0.101337
|Q1| =   0.024820  Q10  =  -0.024815  Q11c =  -0.000154  Q11s =   0.000436
|Q2| =   0.327587  Q20  =   0.327563  Q21c =  -0.003102  Q21s =  -0.000353
                   Q22c =   0.002452  Q22s =   0.000026

Total multipoles referred to origin at
           x =   0.000000,  y =    0.000000,  z =    0.000000 angstrom
                   Q00  =   0.000023
|Q1| =   0.016709  Q11s =  -0.016709
|Q2| =   5.178120  Q20  =  -5.126190  Q21c =   0.102771  Q22c =   0.724255

CPU time used:      1m16.419s          Total:      1m16.419s

Finished at 13:08:25 on 15 Jan 2025 
