                                     G D M A
                                 by Anthony Stone

               Distributed Multipoles from Gaussian wavefunctions

                             version 2.3.3 (6b8e81e)
              Compiled with gfortran on 14 January 2024 at 08:13:23

Starting at 08:07:34 on 16 Jan 2025 


Using SCF density matrix from file C6H5OH.fchk


                         Distributed Multipole Analysis

Standard DMA for products of primitives with exponent greater than 4.00000
Using 80-point Euler-MacLaurin radial quadrature
Using 590-point Lebedev quadrature
Becke smoothing parameter = 3

Positions and radii in angstrom
Multipole moments in atomic units, ea_0^k for rank k

C          x =  0.021681  y = -1.850874  z =  0.000000 angstrom
           Maximum rank =  2   Radius =  0.650 angstrom
                   Q00  =   0.056731
|Q1| =   0.248788  Q11c =  -0.002206  Q11s =   0.248778
|Q2| =   1.067365  Q20  =  -1.009689  Q22c =  -0.345997  Q22s =  -0.009109

C          x = -1.183734  y = -1.159974  z =  0.000000 angstrom
           Maximum rank =  2   Radius =  0.650 angstrom
                   Q00  =   0.132244
|Q1| =   0.305209  Q11c =   0.229024  Q11s =   0.201744
|Q2| =   0.907248  Q20  =  -0.828389  Q22c =   0.107166  Q22s =   0.354101

C          x = -1.200479  y =  0.230395  z =  0.000000 angstrom
           Maximum rank =  2   Radius =  0.650 angstrom
                   Q00  =   0.301648
|Q1| =   0.509055  Q11c =   0.494631  Q11s =  -0.120321
|Q2| =   0.589324  Q20  =  -0.440263  Q22c =   0.308052  Q22s =  -0.242025

C          x =  0.000000  y =  0.936802  z =  0.000000 angstrom
           Maximum rank =  2   Radius =  0.650 angstrom
                   Q00  =   0.619511
|Q1| =   0.498169  Q11c =   0.036441  Q11s =  -0.496834
|Q2| =   0.497584  Q20  =   0.129813  Q22c =  -0.476344  Q22s =   0.061927

C          x =  1.212939  y =  0.251805  z =  0.000000 angstrom
           Maximum rank =  2   Radius =  0.650 angstrom
                   Q00  =   0.315327
|Q1| =   0.488162  Q11c =  -0.481007  Q11s =  -0.083270
|Q2| =   0.574052  Q20  =  -0.453618  Q22c =   0.213974  Q22s =   0.279251

C          x =  1.216256  y = -1.135819  z =  0.000000 angstrom
           Maximum rank =  2   Radius =  0.650 angstrom
                   Q00  =   0.133130
|Q1| =   0.300471  Q11c =  -0.228875  Q11s =   0.194676
|Q2| =   0.902977  Q20  =  -0.826282  Q22c =   0.119476  Q22s =  -0.344023

H          x =  0.031580  y = -2.932741  z =  0.000000 angstrom
           Maximum rank =  2   Radius =  0.350 angstrom
                   Q00  =   0.038150
|Q1| =   0.117413  Q11c =  -0.000862  Q11s =   0.117410
|Q2| =   0.202304  Q20  =  -0.157240  Q22c =  -0.127262  Q22s =  -0.002635

H          x = -2.121239  y = -1.701886  z =  0.000000 angstrom
           Maximum rank =  2   Radius =  0.350 angstrom
                   Q00  =   0.044097
|Q1| =   0.117361  Q11c =   0.100243  Q11s =   0.061033
|Q2| =   0.191269  Q20  =  -0.146591  Q22c =   0.059560  Q22s =   0.107459

H          x = -2.144147  y =  0.765738  z =  0.000000 angstrom
           Maximum rank =  2   Radius =  0.350 angstrom
                   Q00  =   0.051024
|Q1| =   0.128236  Q11c =   0.114747  Q11s =  -0.057250
|Q2| =   0.177322  Q20  =  -0.146334  Q22c =   0.055552  Q22s =  -0.083327

O          x =  0.048018  y =  2.302739  z =  0.000000 angstrom
           Maximum rank =  2   Radius =  0.650 angstrom
                   Q00  =  -0.233973
|Q1| =   0.484253  Q11c =  -0.395557  Q11s =  -0.279349
|Q2| =   1.048153  Q20  =  -0.835609  Q22c =  -0.292490  Q22s =  -0.561099

H          x =  2.135217  y =  0.817608  z =  0.000000 angstrom
           Maximum rank =  2   Radius =  0.350 angstrom
                   Q00  =   0.068789
|Q1| =   0.116990  Q11c =  -0.110810  Q11s =  -0.037520
|Q2| =   0.175337  Q20  =  -0.144950  Q22c =   0.033435  Q22s =   0.092816

H          x =  2.162150  y = -1.663065  z =  0.000000 angstrom
           Maximum rank =  2   Radius =  0.350 angstrom
                   Q00  =   0.044604
|Q1| =   0.116907  Q11c =  -0.100263  Q11s =   0.060122
|Q2| =   0.190930  Q20  =  -0.146499  Q22c =   0.063125  Q22s =  -0.104917

H          x = -0.847679  y =  2.658425  z =  0.000000 angstrom
           Maximum rank =  2   Radius =  0.350 angstrom
                   Q00  =   0.194329
|Q1| =   0.038260  Q11c =   0.016207  Q11s =  -0.034658
|Q2| =   0.151649  Q20  =  -0.111286  Q22c =   0.035460  Q22s =  -0.096724

TOP(1)     x =  0.000000  y =  0.000000  z =  1.000000 angstrom
           Maximum rank =  2   Radius =  0.650 angstrom
                   Q00  =  -0.882812
|Q1| =   0.227546  Q10  =   0.227322  Q11c =   0.005723  Q11s =  -0.008323
|Q2| =   0.492685  Q20  =   0.480569  Q21c =   0.008183  Q21s =  -0.034758
                   Q22c =  -0.102090  Q22s =   0.009714

TOP(-1)    x =  0.000000  y =  0.000000  z = -1.000000 angstrom
           Maximum rank =  2   Radius =  0.650 angstrom
                   Q00  =  -0.882812
|Q1| =   0.227546  Q10  =  -0.227322  Q11c =   0.005723  Q11s =  -0.008323
|Q2| =   0.492685  Q20  =   0.480569  Q21c =  -0.008183  Q21s =   0.034758
                   Q22c =  -0.102090  Q22s =   0.009714

Total multipoles referred to origin at
           x =   0.000000,  y =    0.000000,  z =    0.000000 angstrom
                   Q00  =  -0.000013
|Q1| =   0.519888  Q11c =  -0.519845  Q11s =   0.006752
|Q2| =   8.352861  Q20  =  -6.079965  Q22c =   1.363888  Q22s =  -5.562745

CPU time used:      0m33.396s          Total:      0m33.396s

Finished at 08:08:08 on 16 Jan 2025 
