                                     G D M A
                                 by Anthony Stone

               Distributed Multipoles from Gaussian wavefunctions

                             version 2.3.3 (6b8e81e)
              Compiled with gfortran on 14 January 2024 at 08:13:23

Starting at 08:09:34 on 16 Jan 2025 


Using SCF density matrix from file C6H5OH.fchk


                         Distributed Multipole Analysis

Standard DMA for products of primitives with exponent greater than 4.00000
Using 80-point Euler-MacLaurin radial quadrature
Using 590-point Lebedev quadrature
Becke smoothing parameter = 3

Positions and radii in angstrom
Multipole moments in atomic units, ea_0^k for rank k

C          x =  0.021681  y = -1.850874  z =  0.000000 angstrom
           Maximum rank =  2   Radius =  0.650 angstrom
                   Q00  =   0.004981
|Q1| =   0.185878  Q10  =   0.093056  Q11c =  -0.001207  Q11s =   0.160903
|Q2| =   1.193765  Q20  =  -1.142351  Q21c =  -0.002741  Q21s =   0.235350
                   Q22c =  -0.254285  Q22s =  -0.007186

C          x = -1.183734  y = -1.159974  z =  0.000000 angstrom
           Maximum rank =  2   Radius =  0.650 angstrom
                   Q00  =   0.055205
|Q1| =   0.231817  Q10  =   0.137303  Q11c =   0.141127  Q11s =   0.122353
|Q2| =   1.102456  Q20  =  -1.026158  Q21c =   0.229821  Q21s =   0.203837
                   Q22c =   0.086233  Q22s =   0.246181

C          x = -1.200479  y =  0.230395  z =  0.000000 angstrom
           Maximum rank =  2   Radius =  0.650 angstrom
                   Q00  =   0.126800
|Q1| =   0.428031  Q10  =   0.300344  Q11c =   0.298010  Q11s =  -0.064761
|Q2| =   1.029576  Q20  =  -0.882842  Q21c =   0.454385  Q21s =  -0.130979
                   Q22c =   0.188235  Q22s =  -0.146839

C          x =  0.000000  y =  0.936802  z =  0.000000 angstrom
           Maximum rank =  2   Radius =  0.650 angstrom
                   Q00  =   0.351009
|Q1| =   0.494513  Q10  =   0.438041  Q11c =   0.037220  Q11s =  -0.226447
|Q2| =   0.803736  Q20  =  -0.456087  Q21c =  -0.005935  Q21s =  -0.580994
                   Q22c =  -0.310942  Q22s =   0.060848

C          x =  1.212939  y =  0.251805  z =  0.000000 angstrom
           Maximum rank =  2   Radius =  0.650 angstrom
                   Q00  =   0.147058
|Q1| =   0.409368  Q10  =   0.288250  Q11c =  -0.289610  Q11s =  -0.024907
|Q2| =   1.010907  Q20  =  -0.873482  Q21c =  -0.444073  Q21s =  -0.140792
                   Q22c =   0.098297  Q22s =   0.179657

C          x =  1.216256  y = -1.135819  z =  0.000000 angstrom
           Maximum rank =  2   Radius =  0.650 angstrom
                   Q00  =   0.056973
|Q1| =   0.227540  Q10  =   0.135527  Q11c =  -0.139548  Q11s =   0.118039
|Q2| =   1.094992  Q20  =  -1.020378  Q21c =  -0.233603  Q21s =   0.196490
                   Q22c =   0.092866  Q22s =  -0.236716

H          x =  0.031580  y = -2.932741  z =  0.000000 angstrom
           Maximum rank =  2   Radius =  0.350 angstrom
                   Q00  =   0.035301
|Q1| =   0.115839  Q10  =   0.003740  Q11c =  -0.000832  Q11s =   0.115775
|Q2| =   0.208489  Q20  =  -0.163865  Q21c =  -0.000056  Q21s =   0.002388
                   Q22c =  -0.128853  Q22s =  -0.002660

H          x = -2.121239  y = -1.701886  z =  0.000000 angstrom
           Maximum rank =  2   Radius =  0.350 angstrom
                   Q00  =   0.040192
|Q1| =   0.115248  Q10  =   0.004924  Q11c =   0.098950  Q11s =   0.058879
|Q2| =   0.198941  Q20  =  -0.154656  Q21c =   0.001778  Q21s =   0.003183
                   Q22c =   0.061160  Q22s =   0.109111

H          x = -2.144147  y =  0.765738  z =  0.000000 angstrom
           Maximum rank =  2   Radius =  0.350 angstrom
                   Q00  =   0.043920
|Q1| =   0.124294  Q10  =   0.009116  Q11c =   0.110571  Q11s =  -0.056034
|Q2| =   0.190995  Q20  =  -0.161450  Q21c =   0.005724  Q21s =  -0.001889
                   Q22c =   0.055393  Q22s =  -0.085488

O          x =  0.048018  y =  2.302739  z =  0.000000 angstrom
           Maximum rank =  2   Radius =  0.650 angstrom
                   Q00  =  -0.248622
|Q1| =   0.473425  Q10  =   0.017829  Q11c =  -0.399305  Q11s =  -0.253712
|Q2| =   1.055574  Q20  =  -0.851641  Q21c =   0.005940  Q21s =  -0.052299
                   Q22c =  -0.272729  Q22s =  -0.558384

H          x =  2.135217  y =  0.817608  z =  0.000000 angstrom
           Maximum rank =  2   Radius =  0.350 angstrom
                   Q00  =   0.062013
|Q1| =   0.113177  Q10  =   0.008606  Q11c =  -0.106889  Q11s =  -0.036188
|Q2| =   0.188096  Q20  =  -0.158883  Q21c =  -0.005292  Q21s =  -0.002249
                   Q22c =   0.033424  Q22s =   0.094794

H          x =  2.162150  y = -1.663065  z =  0.000000 angstrom
           Maximum rank =  2   Radius =  0.350 angstrom
                   Q00  =   0.040765
|Q1| =   0.114816  Q10  =   0.004842  Q11c =  -0.098939  Q11s =   0.058054
|Q2| =   0.198482  Q20  =  -0.154444  Q21c =  -0.001821  Q21s =   0.003062
                   Q22c =   0.064722  Q22s =  -0.106493

H          x = -0.847679  y =  2.658425  z =  0.000000 angstrom
           Maximum rank =  2   Radius =  0.350 angstrom
                   Q00  =   0.191072
|Q1| =   0.035754  Q10  =   0.003129  Q11c =   0.016679  Q11s =  -0.031470
|Q2| =   0.156239  Q20  =  -0.114872  Q21c =  -0.000411  Q21s =  -0.003658
                   Q22c =   0.037091  Q22s =  -0.099124

TOP(1)     x =  0.000000  y =  0.000000  z =  1.000000 angstrom
           Maximum rank =  2   Radius =  0.650 angstrom
                   Q00  =  -0.906670
|Q1| =   0.268729  Q10  =   0.268640  Q11c =   0.005658  Q11s =  -0.003930
|Q2| =   0.437520  Q20  =   0.421565  Q21c =   0.008648  Q21s =  -0.054740
                   Q22c =  -0.102659  Q22s =   0.009860

Total multipoles referred to origin at
           x =   0.000000,  y =    0.000000,  z =    0.000000 angstrom
                   Q00  =  -0.000005
|Q1| =   0.519894  Q10  =  -0.000012  Q11c =  -0.519850  Q11s =   0.006758
|Q2| =   8.352900  Q20  =  -6.079979  Q21c =   0.000020  Q21s =  -0.000027
                   Q22c =   1.363898  Q22s =  -5.562784

CPU time used:      0m28.648s          Total:      0m28.648s

Finished at 08:10:03 on 16 Jan 2025 
