                                     G D M A
                                 by Anthony Stone

               Distributed Multipoles from Gaussian wavefunctions

                             version 2.3.3 (6b8e81e)
              Compiled with gfortran on 14 January 2024 at 08:13:23

Starting at 15:40:38 on 14 Jan 2025 


Using SCF density matrix from file C6H4-NH2-2.fchk


                         Distributed Multipole Analysis

Standard DMA for products of primitives with exponent greater than 4.00000
Using 80-point Euler-MacLaurin radial quadrature
Using 590-point Lebedev quadrature
Becke smoothing parameter = 3

Positions and radii in angstrom
Multipole moments in atomic units, ea_0^k for rank k

C          x =  1.416184  y =  0.000000  z =  0.000690 angstrom
           Maximum rank =  2   Radius =  0.650 angstrom
                   Q00  =   0.231701
|Q1| =   0.380559  Q10  =  -0.047385  Q11c =  -0.377598
|Q2| =   0.717068  Q20  =  -0.563281  Q21c =  -0.086141  Q22c =   0.435294

C          x =  0.693919  y =  1.194979  z = -0.000690 angstrom
           Maximum rank =  2   Radius =  0.650 angstrom
                   Q00  =   0.229891
|Q1| =   0.443655  Q10  =  -0.013842  Q11c =  -0.195768  Q11s =  -0.397886
|Q2| =   0.762662  Q20  =  -0.660150  Q21c =  -0.035996  Q21s =  -0.013895
                   Q22c =  -0.181477  Q22s =   0.333816

C          x = -0.693919  y =  1.194979  z =  0.000690 angstrom
           Maximum rank =  2   Radius =  0.650 angstrom
                   Q00  =   0.229891
|Q1| =   0.443655  Q10  =   0.013842  Q11c =   0.195768  Q11s =  -0.397886
|Q2| =   0.762662  Q20  =  -0.660150  Q21c =  -0.035996  Q21s =   0.013895
                   Q22c =  -0.181477  Q22s =  -0.333816

C          x = -1.416184  y =  0.000000  z = -0.000690 angstrom
           Maximum rank =  2   Radius =  0.650 angstrom
                   Q00  =   0.231701
|Q1| =   0.380559  Q10  =   0.047385  Q11c =   0.377598
|Q2| =   0.717068  Q20  =  -0.563281  Q21c =  -0.086141  Q22c =   0.435294

C          x = -0.693919  y = -1.194979  z =  0.000690 angstrom
           Maximum rank =  2   Radius =  0.650 angstrom
                   Q00  =   0.229891
|Q1| =   0.443655  Q10  =   0.013842  Q11c =   0.195768  Q11s =   0.397886
|Q2| =   0.762662  Q20  =  -0.660150  Q21c =  -0.035996  Q21s =  -0.013895
                   Q22c =  -0.181477  Q22s =   0.333816

C          x =  0.693919  y = -1.194979  z = -0.000690 angstrom
           Maximum rank =  2   Radius =  0.650 angstrom
                   Q00  =   0.229891
|Q1| =   0.443655  Q10  =  -0.013842  Q11c =  -0.195768  Q11s =   0.397886
|Q2| =   0.762662  Q20  =  -0.660150  Q21c =  -0.035996  Q21s =   0.013895
                   Q22c =  -0.181477  Q22s =  -0.333816

H          x =  3.251860  y =  0.829864  z =  0.310546 angstrom
           Maximum rank =  2   Radius =  0.350 angstrom
                   Q00  =   0.109855
|Q1| =   0.072316  Q10  =  -0.019970  Q11c =  -0.061319  Q11s =  -0.032722
|Q2| =   0.201425  Q20  =  -0.128587  Q21c =   0.068501  Q21s =   0.098650
                   Q22c =  -0.044829  Q22s =   0.087196

H          x =  3.251860  y = -0.829864  z =  0.310546 angstrom
           Maximum rank =  2   Radius =  0.350 angstrom
                   Q00  =   0.109855
|Q1| =   0.072316  Q10  =  -0.019970  Q11c =  -0.061319  Q11s =   0.032722
|Q2| =   0.201425  Q20  =  -0.128587  Q21c =   0.068501  Q21s =  -0.098650
                   Q22c =  -0.044829  Q22s =  -0.087196

H          x =  1.224191  y =  2.140787  z = -0.007521 angstrom
           Maximum rank =  2   Radius =  0.350 angstrom
                   Q00  =   0.046294
|Q1| =   0.128253  Q10  =  -0.002121  Q11c =  -0.056386  Q11s =  -0.115174
|Q2| =   0.178142  Q20  =  -0.149467  Q21c =  -0.002807  Q21s =  -0.002791
                   Q22c =  -0.049797  Q22s =   0.083058

H          x = -1.224191  y =  2.140787  z =  0.007521 angstrom
           Maximum rank =  2   Radius =  0.350 angstrom
                   Q00  =   0.046294
|Q1| =   0.128253  Q10  =   0.002121  Q11c =   0.056386  Q11s =  -0.115174
|Q2| =   0.178142  Q20  =  -0.149467  Q21c =  -0.002807  Q21s =   0.002791
                   Q22c =  -0.049797  Q22s =  -0.083058

N          x = -2.820225  y =  0.000000  z =  0.067720 angstrom
           Maximum rank =  2   Radius =  0.650 angstrom
                   Q00  =  -0.158997
|Q1| =   0.428726  Q10  =  -0.406822  Q11c =   0.135284
|Q2| =   1.414653  Q20  =  -1.264174  Q21c =   0.634205  Q22c =   0.029871

H          x = -1.224191  y = -2.140787  z =  0.007521 angstrom
           Maximum rank =  2   Radius =  0.350 angstrom
                   Q00  =   0.046294
|Q1| =   0.128253  Q10  =   0.002121  Q11c =   0.056386  Q11s =   0.115174
|Q2| =   0.178142  Q20  =  -0.149467  Q21c =  -0.002807  Q21s =  -0.002791
                   Q22c =  -0.049797  Q22s =   0.083058

H          x =  1.224191  y = -2.140787  z = -0.007521 angstrom
           Maximum rank =  2   Radius =  0.350 angstrom
                   Q00  =   0.046294
|Q1| =   0.128253  Q10  =  -0.002121  Q11c =  -0.056386  Q11s =   0.115174
|Q2| =   0.178142  Q20  =  -0.149467  Q21c =  -0.002807  Q21s =   0.002791
                   Q22c =  -0.049797  Q22s =  -0.083058

N          x =  2.820225  y =  0.000000  z = -0.067720 angstrom
           Maximum rank =  2   Radius =  0.650 angstrom
                   Q00  =  -0.158997
|Q1| =   0.428726  Q10  =   0.406822  Q11c =  -0.135284
|Q2| =   1.414653  Q20  =  -1.264174  Q21c =   0.634205  Q22c =   0.029871

H          x = -3.251860  y =  0.829864  z = -0.310546 angstrom
           Maximum rank =  2   Radius =  0.350 angstrom
                   Q00  =   0.109855
|Q1| =   0.072316  Q10  =   0.019970  Q11c =   0.061319  Q11s =  -0.032722
|Q2| =   0.201425  Q20  =  -0.128587  Q21c =   0.068501  Q21s =  -0.098650
                   Q22c =  -0.044829  Q22s =  -0.087196

H          x = -3.251860  y = -0.829864  z = -0.310546 angstrom
           Maximum rank =  2   Radius =  0.350 angstrom
                   Q00  =   0.109855
|Q1| =   0.072316  Q10  =   0.019970  Q11c =   0.061319  Q11s =   0.032722
|Q2| =   0.201425  Q20  =  -0.128587  Q21c =   0.068501  Q21s =   0.098650
                   Q22c =  -0.044829  Q22s =   0.087196

TOP(1)     x =  0.000000  y =  0.000000  z =  1.000000 angstrom
           Maximum rank =  2   Radius =  0.650 angstrom
                   Q00  =  -0.844791
|Q1| =   0.205875  Q10  =   0.205683  Q11c =  -0.008893
|Q2| =   0.486999  Q20  =   0.477321  Q21c =  -0.020601  Q22c =   0.094383

TOP(-1)    x =  0.000000  y =  0.000000  z = -1.000000 angstrom
           Maximum rank =  2   Radius =  0.650 angstrom
                   Q00  =  -0.844791
|Q1| =   0.205875  Q10  =  -0.205683  Q11c =   0.008893
|Q2| =   0.486999  Q20  =   0.477321  Q21c =  -0.020601  Q22c =   0.094383

Total multipoles referred to origin at
           x =   0.000000,  y =    0.000000,  z =    0.000000 angstrom
                   Q00  =  -0.000012
|Q1| =   0.000000
|Q2| =  14.466545  Q20  = -10.032401  Q21c =  10.103079  Q22c =   2.561180

CPU time used:      1m14.310s          Total:      1m14.310s

Finished at 15:41:53 on 14 Jan 2025 
